This file contains any messages produced by compilers while
running configure, to aid debugging if configure makes a mistake.

It was created by configure, which was
generated by GNU Autoconf 2.63.  Invocation command line was

  $ ./configure 

## --------- ##
## Platform. ##
## --------- ##

hostname = www.zl
uname -m = x86_64
uname -r = 2.6.32-573.el6.x86_64
uname -s = Linux
uname -v = #1 SMP Thu Jul 23 15:44:03 UTC 2015

/usr/bin/uname -p = unknown
/bin/uname -X     = unknown

/bin/arch              = x86_64
/usr/bin/arch -k       = unknown
/usr/convex/getsysinfo = unknown
/usr/bin/hostinfo      = unknown
/bin/machine           = unknown
/usr/bin/oslevel       = unknown
/bin/universe          = unknown

PATH: /usr/lib64/qt-3.3/bin
PATH: /usr/local/bin
PATH: /bin
PATH: /usr/bin
PATH: /usr/local/sbin
PATH: /usr/sbin
PATH: /sbin
PATH: /home/git/bin


## ----------- ##
## Core tests. ##
## ----------- ##

configure:2077: checking for a BSD-compatible install
configure:2145: result: /usr/bin/install -c
configure:2156: checking whether build environment is sane
configure:2199: result: yes
configure:2224: checking for a thread-safe mkdir -p
configure:2263: result: /bin/mkdir -p
configure:2276: checking for gawk
configure:2292: found /bin/gawk
configure:2303: result: gawk
configure:2314: checking whether make sets $(MAKE)
configure:2336: result: yes
configure:2575: checking for gcc
configure:2591: found /usr/bin/gcc
configure:2602: result: gcc
configure:2834: checking for C compiler version
configure:2842: gcc --version >&5
gcc (GCC) 4.4.7 20120313 (Red Hat 4.4.7-16)
Copyright (C) 2010 Free Software Foundation, Inc.
This is free software; see the source for copying conditions.  There is NO
warranty; not even for MERCHANTABILITY or FITNESS FOR A PARTICULAR PURPOSE.

configure:2846: $? = 0
configure:2853: gcc -v >&5
Using built-in specs.
Target: x86_64-redhat-linux
Configured with: ../configure --prefix=/usr --mandir=/usr/share/man --infodir=/usr/share/info --with-bugurl=http://bugzilla.redhat.com/bugzilla --enable-bootstrap --enable-shared --enable-threads=posix --enable-checking=release --with-system-zlib --enable-__cxa_atexit --disable-libunwind-exceptions --enable-gnu-unique-object --enable-languages=c,c++,objc,obj-c++,java,fortran,ada --enable-java-awt=gtk --disable-dssi --with-java-home=/usr/lib/jvm/java-1.5.0-gcj-1.5.0.0/jre --enable-libgcj-multifile --enable-java-maintainer-mode --with-ecj-jar=/usr/share/java/eclipse-ecj.jar --disable-libjava-multilib --with-ppl --with-cloog --with-tune=generic --with-arch_32=i686 --build=x86_64-redhat-linux
Thread model: posix
gcc version 4.4.7 20120313 (Red Hat 4.4.7-16) (GCC) 
configure:2857: $? = 0
configure:2864: gcc -V >&5
gcc: '-V' option must have argument
configure:2868: $? = 1
configure:2891: checking for C compiler default output file name
configure:2913: gcc    conftest.c  >&5
configure:2917: $? = 0
configure:2955: result: a.out
configure:2974: checking whether the C compiler works
configure:2984: ./a.out
configure:2988: $? = 0
configure:3007: result: yes
configure:3014: checking whether we are cross compiling
configure:3016: result: no
configure:3019: checking for suffix of executables
configure:3026: gcc -o conftest    conftest.c  >&5
configure:3030: $? = 0
configure:3056: result: 
configure:3062: checking for suffix of object files
configure:3088: gcc -c   conftest.c >&5
configure:3092: $? = 0
configure:3117: result: o
configure:3121: checking whether we are using the GNU C compiler
configure:3150: gcc -c   conftest.c >&5
configure:3157: $? = 0
configure:3174: result: yes
configure:3183: checking whether gcc accepts -g
configure:3213: gcc -c -g  conftest.c >&5
configure:3220: $? = 0
configure:3321: result: yes
configure:3338: checking for gcc option to accept ISO C89
configure:3412: gcc  -c -g -O2  conftest.c >&5
configure:3419: $? = 0
configure:3442: result: none needed
configure:3471: checking for style of include used by make
configure:3499: result: GNU
configure:3524: checking dependency style of gcc
configure:3615: result: none
configure:3644: checking for a BSD-compatible install
configure:3712: result: /usr/bin/install -c
configure:3723: checking whether ln -s works
configure:3727: result: yes
configure:3741: checking how to run the C preprocessor
configure:3781: gcc -E  conftest.c
configure:3788: $? = 0
configure:3819: gcc -E  conftest.c
conftest.c:10:28: error: ac_nonexistent.h: No such file or directory
configure:3826: $? = 1
configure: failed program was:
| /* confdefs.h.  */
| #define PACKAGE_NAME ""
| #define PACKAGE_TARNAME ""
| #define PACKAGE_VERSION ""
| #define PACKAGE_STRING ""
| #define PACKAGE_BUGREPORT ""
| #define PACKAGE "libevent"
| #define VERSION "1.4.13-stable"
| /* end confdefs.h.  */
| #include <ac_nonexistent.h>
configure:3859: result: gcc -E
configure:3888: gcc -E  conftest.c
configure:3895: $? = 0
configure:3926: gcc -E  conftest.c
conftest.c:10:28: error: ac_nonexistent.h: No such file or directory
configure:3933: $? = 1
configure: failed program was:
| /* confdefs.h.  */
| #define PACKAGE_NAME ""
| #define PACKAGE_TARNAME ""
| #define PACKAGE_VERSION ""
| #define PACKAGE_STRING ""
| #define PACKAGE_BUGREPORT ""
| #define PACKAGE "libevent"
| #define VERSION "1.4.13-stable"
| /* end confdefs.h.  */
| #include <ac_nonexistent.h>
configure:3973: checking for grep that handles long lines and -e
configure:4033: result: /bin/grep
configure:4038: checking for egrep
configure:4102: result: /bin/grep -E
configure:4108: checking whether gcc needs -traditional
configure:4150: result: no
configure:4248: checking build system type
configure:4266: result: x86_64-unknown-linux-gnu
configure:4288: checking host system type
configure:4303: result: x86_64-unknown-linux-gnu
configure:4325: checking for a sed that does not truncate output
configure:4381: result: /bin/sed
configure:4395: checking for ld used by gcc
configure:4462: result: /usr/bin/ld
configure:4471: checking if the linker (/usr/bin/ld) is GNU ld
configure:4486: result: yes
configure:4491: checking for /usr/bin/ld option to reload object files
configure:4498: result: -r
configure:4516: checking for BSD-compatible nm
configure:4565: result: /usr/bin/nm -B
configure:4569: checking how to recognize dependent libraries
configure:4755: result: pass_all
configure:4843: gcc -c -g -O2 -Wall -fno-strict-aliasing  conftest.c >&5
configure:4846: $? = 0
configure:4998: checking for ANSI C header files
configure:5028: gcc -c -g -O2 -Wall -fno-strict-aliasing  conftest.c >&5
configure:5035: $? = 0
configure:5134: gcc -o conftest -g -O2 -Wall -fno-strict-aliasing   conftest.c  >&5
configure:5138: $? = 0
configure:5144: ./conftest
configure:5148: $? = 0
configure:5166: result: yes
configure:5190: checking for sys/types.h
configure:5211: gcc -c -g -O2 -Wall -fno-strict-aliasing  conftest.c >&5
configure:5218: $? = 0
configure:5235: result: yes
configure:5190: checking for sys/stat.h
configure:5211: gcc -c -g -O2 -Wall -fno-strict-aliasing  conftest.c >&5
configure:5218: $? = 0
configure:5235: result: yes
configure:5190: checking for stdlib.h
configure:5211: gcc -c -g -O2 -Wall -fno-strict-aliasing  conftest.c >&5
configure:5218: $? = 0
configure:5235: result: yes
configure:5190: checking for string.h
configure:5211: gcc -c -g -O2 -Wall -fno-strict-aliasing  conftest.c >&5
configure:5218: $? = 0
configure:5235: result: yes
configure:5190: checking for memory.h
configure:5211: gcc -c -g -O2 -Wall -fno-strict-aliasing  conftest.c >&5
configure:5218: $? = 0
configure:5235: result: yes
configure:5190: checking for strings.h
configure:5211: gcc -c -g -O2 -Wall -fno-strict-aliasing  conftest.c >&5
configure:5218: $? = 0
configure:5235: result: yes
configure:5190: checking for inttypes.h
configure:5211: gcc -c -g -O2 -Wall -fno-strict-aliasing  conftest.c >&5
configure:5218: $? = 0
configure:5235: result: yes
configure:5190: checking for stdint.h
configure:5211: gcc -c -g -O2 -Wall -fno-strict-aliasing  conftest.c >&5
configure:5218: $? = 0
configure:5235: result: yes
configure:5190: checking for unistd.h
configure:5211: gcc -c -g -O2 -Wall -fno-strict-aliasing  conftest.c >&5
configure:5218: $? = 0
configure:5235: result: yes
configure:5265: checking dlfcn.h usability
configure:5282: gcc -c -g -O2 -Wall -fno-strict-aliasing  conftest.c >&5
configure:5289: $? = 0
configure:5303: result: yes
configure:5307: checking dlfcn.h presence
configure:5322: gcc -E  conftest.c
configure:5329: $? = 0
configure:5343: result: yes
configure:5371: checking for dlfcn.h
configure:5380: result: yes
configure:5453: checking for g++
configure:5469: found /usr/bin/g++
configure:5480: result: g++
configure:5507: checking for C++ compiler version
configure:5515: g++ --version >&5
g++ (GCC) 4.4.7 20120313 (Red Hat 4.4.7-16)
Copyright (C) 2010 Free Software Foundation, Inc.
This is free software; see the source for copying conditions.  There is NO
warranty; not even for MERCHANTABILITY or FITNESS FOR A PARTICULAR PURPOSE.

configure:5519: $? = 0
configure:5526: g++ -v >&5
Using built-in specs.
Target: x86_64-redhat-linux
Configured with: ../configure --prefix=/usr --mandir=/usr/share/man --infodir=/usr/share/info --with-bugurl=http://bugzilla.redhat.com/bugzilla --enable-bootstrap --enable-shared --enable-threads=posix --enable-checking=release --with-system-zlib --enable-__cxa_atexit --disable-libunwind-exceptions --enable-gnu-unique-object --enable-languages=c,c++,objc,obj-c++,java,fortran,ada --enable-java-awt=gtk --disable-dssi --with-java-home=/usr/lib/jvm/java-1.5.0-gcj-1.5.0.0/jre --enable-libgcj-multifile --enable-java-maintainer-mode --with-ecj-jar=/usr/share/java/eclipse-ecj.jar --disable-libjava-multilib --with-ppl --with-cloog --with-tune=generic --with-arch_32=i686 --build=x86_64-redhat-linux
Thread model: posix
gcc version 4.4.7 20120313 (Red Hat 4.4.7-16) (GCC) 
configure:5530: $? = 0
configure:5537: g++ -V >&5
g++: '-V' option must have argument
configure:5541: $? = 1
configure:5544: checking whether we are using the GNU C++ compiler
configure:5573: g++ -c   conftest.cpp >&5
configure:5580: $? = 0
configure:5597: result: yes
configure:5606: checking whether g++ accepts -g
configure:5636: g++ -c -g  conftest.cpp >&5
configure:5643: $? = 0
configure:5744: result: yes
configure:5769: checking dependency style of g++
configure:5860: result: none
configure:5885: checking how to run the C++ preprocessor
configure:5921: g++ -E  conftest.cpp
configure:5928: $? = 0
configure:5959: g++ -E  conftest.cpp
conftest.cpp:21:28: error: ac_nonexistent.h: No such file or directory
configure:5966: $? = 1
configure: failed program was:
| /* confdefs.h.  */
| #define PACKAGE_NAME ""
| #define PACKAGE_TARNAME ""
| #define PACKAGE_VERSION ""
| #define PACKAGE_STRING ""
| #define PACKAGE_BUGREPORT ""
| #define PACKAGE "libevent"
| #define VERSION "1.4.13-stable"
| #define STDC_HEADERS 1
| #define HAVE_SYS_TYPES_H 1
| #define HAVE_SYS_STAT_H 1
| #define HAVE_STDLIB_H 1
| #define HAVE_STRING_H 1
| #define HAVE_MEMORY_H 1
| #define HAVE_STRINGS_H 1
| #define HAVE_INTTYPES_H 1
| #define HAVE_STDINT_H 1
| #define HAVE_UNISTD_H 1
| #define HAVE_DLFCN_H 1
| /* end confdefs.h.  */
| #include <ac_nonexistent.h>
configure:5999: result: g++ -E
configure:6028: g++ -E  conftest.cpp
configure:6035: $? = 0
configure:6066: g++ -E  conftest.cpp
conftest.cpp:21:28: error: ac_nonexistent.h: No such file or directory
configure:6073: $? = 1
configure: failed program was:
| /* confdefs.h.  */
| #define PACKAGE_NAME ""
| #define PACKAGE_TARNAME ""
| #define PACKAGE_VERSION ""
| #define PACKAGE_STRING ""
| #define PACKAGE_BUGREPORT ""
| #define PACKAGE "libevent"
| #define VERSION "1.4.13-stable"
| #define STDC_HEADERS 1
| #define HAVE_SYS_TYPES_H 1
| #define HAVE_SYS_STAT_H 1
| #define HAVE_STDLIB_H 1
| #define HAVE_STRING_H 1
| #define HAVE_MEMORY_H 1
| #define HAVE_STRINGS_H 1
| #define HAVE_INTTYPES_H 1
| #define HAVE_STDINT_H 1
| #define HAVE_UNISTD_H 1
| #define HAVE_DLFCN_H 1
| /* end confdefs.h.  */
| #include <ac_nonexistent.h>
configure:6168: checking for g77
configure:6198: result: no
configure:6168: checking for xlf
configure:6198: result: no
configure:6168: checking for f77
configure:6198: result: no
configure:6168: checking for frt
configure:6198: result: no
configure:6168: checking for pgf77
configure:6198: result: no
configure:6168: checking for cf77
configure:6198: result: no
configure:6168: checking for fort77
configure:6198: result: no
configure:6168: checking for fl32
configure:6198: result: no
configure:6168: checking for af77
configure:6198: result: no
configure:6168: checking for xlf90
configure:6198: result: no
configure:6168: checking for f90
configure:6198: result: no
configure:6168: checking for pgf90
configure:6198: result: no
configure:6168: checking for pghpf
configure:6198: result: no
configure:6168: checking for epcf90
configure:6198: result: no
configure:6168: checking for gfortran
configure:6184: found /usr/bin/gfortran
configure:6195: result: gfortran
configure:6221: checking for Fortran 77 compiler version
configure:6229: gfortran --version >&5
GNU Fortran (GCC) 4.4.7 20120313 (Red Hat 4.4.7-16)
Copyright (C) 2010 Free Software Foundation, Inc.

GNU Fortran comes with NO WARRANTY, to the extent permitted by law.
You may redistribute copies of GNU Fortran
under the terms of the GNU General Public License.
For more information about these matters, see the file named COPYING

configure:6233: $? = 0
configure:6240: gfortran -v >&5
Using built-in specs.
Target: x86_64-redhat-linux
Configured with: ../configure --prefix=/usr --mandir=/usr/share/man --infodir=/usr/share/info --with-bugurl=http://bugzilla.redhat.com/bugzilla --enable-bootstrap --enable-shared --enable-threads=posix --enable-checking=release --with-system-zlib --enable-__cxa_atexit --disable-libunwind-exceptions --enable-gnu-unique-object --enable-languages=c,c++,objc,obj-c++,java,fortran,ada --enable-java-awt=gtk --disable-dssi --with-java-home=/usr/lib/jvm/java-1.5.0-gcj-1.5.0.0/jre --enable-libgcj-multifile --enable-java-maintainer-mode --with-ecj-jar=/usr/share/java/eclipse-ecj.jar --disable-libjava-multilib --with-ppl --with-cloog --with-tune=generic --with-arch_32=i686 --build=x86_64-redhat-linux
Thread model: posix
gcc version 4.4.7 20120313 (Red Hat 4.4.7-16) (GCC) 
configure:6244: $? = 0
configure:6251: gfortran -V >&5
gfortran: '-V' option must have argument
configure:6255: $? = 1
configure:6263: checking whether we are using the GNU Fortran 77 compiler
configure:6282: gfortran -c  conftest.F >&5
configure:6289: $? = 0
configure:6306: result: yes
configure:6312: checking whether gfortran accepts -g
configure:6329: gfortran -c -g conftest.f >&5
configure:6336: $? = 0
configure:6352: result: yes
configure:6385: checking the maximum length of command line arguments
configure:6497: result: 1966080
configure:6509: checking command to parse /usr/bin/nm -B output from gcc object
configure:6614: gcc -c -g -O2 -Wall -fno-strict-aliasing  conftest.c >&5
configure:6617: $? = 0
configure:6621: /usr/bin/nm -B conftest.o \| sed -n -e 's/^.*[ 	]\([ABCDGIRSTW][ABCDGIRSTW]*\)[ 	][ 	]*\([_A-Za-z][_A-Za-z0-9]*\)$/\1 \2 \2/p' \> conftest.nm
configure:6624: $? = 0
configure:6676: gcc -o conftest -g -O2 -Wall -fno-strict-aliasing   conftest.c conftstm.o >&5
configure:6679: $? = 0
configure:6717: result: ok
configure:6721: checking for objdir
configure:6736: result: .libs
configure:6828: checking for ar
configure:6844: found /usr/bin/ar
configure:6855: result: ar
configure:6920: checking for ranlib
configure:6936: found /usr/bin/ranlib
configure:6947: result: ranlib
configure:7012: checking for strip
configure:7028: found /usr/bin/strip
configure:7039: result: strip
configure:7629: checking if gcc supports -fno-rtti -fno-exceptions
configure:7647: gcc -c -g -O2 -Wall -fno-strict-aliasing  -fno-rtti -fno-exceptions conftest.c >&5
cc1: warning: command line option "-fno-rtti" is valid for C++/ObjC++ but not for C
configure:7651: $? = 0
configure:7664: result: no
configure:7679: checking for gcc option to produce PIC
configure:7911: result: -fPIC
configure:7919: checking if gcc PIC flag -fPIC works
configure:7937: gcc -c -g -O2 -Wall -fno-strict-aliasing  -fPIC -DPIC conftest.c >&5
configure:7941: $? = 0
configure:7954: result: yes
configure:7982: checking if gcc static flag -static works
configure:8010: result: no
configure:8020: checking if gcc supports -c -o file.o
configure:8041: gcc -c -g -O2 -Wall -fno-strict-aliasing  -o out/conftest2.o conftest.c >&5
configure:8045: $? = 0
configure:8067: result: yes
configure:8093: checking whether the gcc linker (/usr/bin/ld -m elf_x86_64) supports shared libraries
configure:9063: result: yes
configure:9084: checking whether -lc should be explicitly linked in
configure:9089: gcc -c -g -O2 -Wall -fno-strict-aliasing  conftest.c >&5
configure:9092: $? = 0
configure:9107: gcc -shared conftest.o  -v -Wl,-soname -Wl,conftest -o conftest 2\>\&1 \| grep  -lc  \>/dev/null 2\>\&1
configure:9110: $? = 0
configure:9122: result: no
configure:9130: checking dynamic linker characteristics
configure:9732: result: GNU/Linux ld.so
configure:9756: checking how to hardcode library paths into programs
configure:9781: result: immediate
configure:9795: checking whether stripping libraries is possible
configure:9800: result: yes
configure:10630: checking if libtool supports shared libraries
configure:10632: result: yes
configure:10635: checking whether to build shared libraries
configure:10656: result: yes
configure:10659: checking whether to build static libraries
configure:10663: result: yes
configure:10757: creating libtool
configure:11350: checking for ld used by g++
configure:11417: result: /usr/bin/ld -m elf_x86_64
configure:11426: checking if the linker (/usr/bin/ld -m elf_x86_64) is GNU ld
configure:11441: result: yes
configure:11492: checking whether the g++ linker (/usr/bin/ld -m elf_x86_64) supports shared libraries
configure:12446: result: yes
configure:12463: g++ -c -g -O2  conftest.cpp >&5
configure:12466: $? = 0
configure:12622: checking for g++ option to produce PIC
configure:12906: result: -fPIC
configure:12914: checking if g++ PIC flag -fPIC works
configure:12932: g++ -c -g -O2  -fPIC -DPIC conftest.cpp >&5
configure:12936: $? = 0
configure:12949: result: yes
configure:12977: checking if g++ static flag -static works
configure:13005: result: no
configure:13015: checking if g++ supports -c -o file.o
configure:13036: g++ -c -g -O2  -o out/conftest2.o conftest.cpp >&5
configure:13040: $? = 0
configure:13062: result: yes
configure:13088: checking whether the g++ linker (/usr/bin/ld -m elf_x86_64) supports shared libraries
configure:13114: result: yes
configure:13181: checking dynamic linker characteristics
configure:13731: result: GNU/Linux ld.so
configure:13755: checking how to hardcode library paths into programs
configure:13780: result: immediate
configure:14319: checking if libtool supports shared libraries
configure:14321: result: yes
configure:14324: checking whether to build shared libraries
configure:14344: result: yes
configure:14347: checking whether to build static libraries
configure:14351: result: yes
configure:14361: checking for gfortran option to produce PIC
configure:14593: result: -fPIC
configure:14601: checking if gfortran PIC flag -fPIC works
configure:14619: gfortran -c -g -O2 -fPIC conftest.f >&5
configure:14623: $? = 0
configure:14636: result: yes
configure:14664: checking if gfortran static flag -static works
configure:14692: result: no
configure:14702: checking if gfortran supports -c -o file.o
configure:14723: gfortran -c -g -O2 -o out/conftest2.o conftest.f >&5
configure:14727: $? = 0
configure:14749: result: yes
configure:14775: checking whether the gfortran linker (/usr/bin/ld -m elf_x86_64) supports shared libraries
configure:15725: result: yes
configure:15792: checking dynamic linker characteristics
configure:16342: result: GNU/Linux ld.so
configure:16366: checking how to hardcode library paths into programs
configure:16391: result: immediate
configure:19985: checking for socket in -lsocket
configure:20020: gcc -o conftest -g -O2 -Wall -fno-strict-aliasing   conftest.c -lsocket   >&5
/usr/bin/ld: cannot find -lsocket
collect2: ld returned 1 exit status
configure:20027: $? = 1
configure: failed program was:
| /* confdefs.h.  */
| #define PACKAGE_NAME ""
| #define PACKAGE_TARNAME ""
| #define PACKAGE_VERSION ""
| #define PACKAGE_STRING ""
| #define PACKAGE_BUGREPORT ""
| #define PACKAGE "libevent"
| #define VERSION "1.4.13-stable"
| #define STDC_HEADERS 1
| #define HAVE_SYS_TYPES_H 1
| #define HAVE_SYS_STAT_H 1
| #define HAVE_STDLIB_H 1
| #define HAVE_STRING_H 1
| #define HAVE_MEMORY_H 1
| #define HAVE_STRINGS_H 1
| #define HAVE_INTTYPES_H 1
| #define HAVE_STDINT_H 1
| #define HAVE_UNISTD_H 1
| #define HAVE_DLFCN_H 1
| /* end confdefs.h.  */
| 
| /* Override any GCC internal prototype to avoid an error.
|    Use char because int might match the return type of a GCC
|    builtin and then its argument prototype would still apply.  */
| #ifdef __cplusplus
| extern "C"
| #endif
| char socket ();
| int
| main ()
| {
| return socket ();
|   ;
|   return 0;
| }
configure:20048: result: no
configure:20060: checking for inet_aton in -lresolv
configure:20095: gcc -o conftest -g -O2 -Wall -fno-strict-aliasing   conftest.c -lresolv   >&5
configure:20102: $? = 0
configure:20123: result: yes
configure:20135: checking for clock_gettime in -lrt
configure:20170: gcc -o conftest -g -O2 -Wall -fno-strict-aliasing   conftest.c -lrt  -lresolv  >&5
configure:20177: $? = 0
configure:20198: result: yes
configure:20210: checking for inet_ntoa in -lnsl
configure:20245: gcc -o conftest -g -O2 -Wall -fno-strict-aliasing   conftest.c -lnsl  -lrt -lresolv  >&5
configure:20252: $? = 0
configure:20273: result: yes
configure:20285: checking for ANSI C header files
configure:20453: result: yes
configure:20496: checking fcntl.h usability
configure:20513: gcc -c -g -O2 -Wall -fno-strict-aliasing  conftest.c >&5
configure:20520: $? = 0
configure:20534: result: yes
configure:20538: checking fcntl.h presence
configure:20553: gcc -E  conftest.c
configure:20560: $? = 0
configure:20574: result: yes
configure:20602: checking for fcntl.h
configure:20611: result: yes
configure:20496: checking stdarg.h usability
configure:20513: gcc -c -g -O2 -Wall -fno-strict-aliasing  conftest.c >&5
configure:20520: $? = 0
configure:20534: result: yes
configure:20538: checking stdarg.h presence
configure:20553: gcc -E  conftest.c
configure:20560: $? = 0
configure:20574: result: yes
configure:20602: checking for stdarg.h
configure:20611: result: yes
configure:20485: checking for inttypes.h
configure:20492: result: yes
configure:20485: checking for stdint.h
configure:20492: result: yes
configure:20496: checking poll.h usability
configure:20513: gcc -c -g -O2 -Wall -fno-strict-aliasing  conftest.c >&5
configure:20520: $? = 0
configure:20534: result: yes
configure:20538: checking poll.h presence
configure:20553: gcc -E  conftest.c
configure:20560: $? = 0
configure:20574: result: yes
configure:20602: checking for poll.h
configure:20611: result: yes
configure:20496: checking signal.h usability
configure:20513: gcc -c -g -O2 -Wall -fno-strict-aliasing  conftest.c >&5
configure:20520: $? = 0
configure:20534: result: yes
configure:20538: checking signal.h presence
configure:20553: gcc -E  conftest.c
configure:20560: $? = 0
configure:20574: result: yes
configure:20602: checking for signal.h
configure:20611: result: yes
configure:20485: checking for unistd.h
configure:20492: result: yes
configure:20496: checking sys/epoll.h usability
configure:20513: gcc -c -g -O2 -Wall -fno-strict-aliasing  conftest.c >&5
configure:20520: $? = 0
configure:20534: result: yes
configure:20538: checking sys/epoll.h presence
configure:20553: gcc -E  conftest.c
configure:20560: $? = 0
configure:20574: result: yes
configure:20602: checking for sys/epoll.h
configure:20611: result: yes
configure:20496: checking sys/time.h usability
configure:20513: gcc -c -g -O2 -Wall -fno-strict-aliasing  conftest.c >&5
configure:20520: $? = 0
configure:20534: result: yes
configure:20538: checking sys/time.h presence
configure:20553: gcc -E  conftest.c
configure:20560: $? = 0
configure:20574: result: yes
configure:20602: checking for sys/time.h
configure:20611: result: yes
configure:20496: checking sys/queue.h usability
configure:20513: gcc -c -g -O2 -Wall -fno-strict-aliasing  conftest.c >&5
configure:20520: $? = 0
configure:20534: result: yes
configure:20538: checking sys/queue.h presence
configure:20553: gcc -E  conftest.c
configure:20560: $? = 0
configure:20574: result: yes
configure:20602: checking for sys/queue.h
configure:20611: result: yes
configure:20496: checking sys/event.h usability
configure:20513: gcc -c -g -O2 -Wall -fno-strict-aliasing  conftest.c >&5
conftest.c:68:23: error: sys/event.h: No such file or directory
configure:20520: $? = 1
configure: failed program was:
| /* confdefs.h.  */
| #define PACKAGE_NAME ""
| #define PACKAGE_TARNAME ""
| #define PACKAGE_VERSION ""
| #define PACKAGE_STRING ""
| #define PACKAGE_BUGREPORT ""
| #define PACKAGE "libevent"
| #define VERSION "1.4.13-stable"
| #define STDC_HEADERS 1
| #define HAVE_SYS_TYPES_H 1
| #define HAVE_SYS_STAT_H 1
| #define HAVE_STDLIB_H 1
| #define HAVE_STRING_H 1
| #define HAVE_MEMORY_H 1
| #define HAVE_STRINGS_H 1
| #define HAVE_INTTYPES_H 1
| #define HAVE_STDINT_H 1
| #define HAVE_UNISTD_H 1
| #define HAVE_DLFCN_H 1
| #define HAVE_LIBRESOLV 1
| #define HAVE_LIBRT 1
| #define HAVE_LIBNSL 1
| #define STDC_HEADERS 1
| #define HAVE_FCNTL_H 1
| #define HAVE_STDARG_H 1
| #define HAVE_INTTYPES_H 1
| #define HAVE_STDINT_H 1
| #define HAVE_POLL_H 1
| #define HAVE_SIGNAL_H 1
| #define HAVE_UNISTD_H 1
| #define HAVE_SYS_EPOLL_H 1
| #define HAVE_SYS_TIME_H 1
| #define HAVE_SYS_QUEUE_H 1
| /* end confdefs.h.  */
| #include <stdio.h>
| #ifdef HAVE_SYS_TYPES_H
| # include <sys/types.h>
| #endif
| #ifdef HAVE_SYS_STAT_H
| # include <sys/stat.h>
| #endif
| #ifdef STDC_HEADERS
| # include <stdlib.h>
| # include <stddef.h>
| #else
| # ifdef HAVE_STDLIB_H
| #  include <stdlib.h>
| # endif
| #endif
| #ifdef HAVE_STRING_H
| # if !defined STDC_HEADERS && defined HAVE_MEMORY_H
| #  include <memory.h>
| # endif
| # include <string.h>
| #endif
| #ifdef HAVE_STRINGS_H
| # include <strings.h>
| #endif
| #ifdef HAVE_INTTYPES_H
| # include <inttypes.h>
| #endif
| #ifdef HAVE_STDINT_H
| # include <stdint.h>
| #endif
| #ifdef HAVE_UNISTD_H
| # include <unistd.h>
| #endif
| #include <sys/event.h>
configure:20534: result: no
configure:20538: checking sys/event.h presence
configure:20553: gcc -E  conftest.c
conftest.c:35:23: error: sys/event.h: No such file or directory
configure:20560: $? = 1
configure: failed program was:
| /* confdefs.h.  */
| #define PACKAGE_NAME ""
| #define PACKAGE_TARNAME ""
| #define PACKAGE_VERSION ""
| #define PACKAGE_STRING ""
| #define PACKAGE_BUGREPORT ""
| #define PACKAGE "libevent"
| #define VERSION "1.4.13-stable"
| #define STDC_HEADERS 1
| #define HAVE_SYS_TYPES_H 1
| #define HAVE_SYS_STAT_H 1
| #define HAVE_STDLIB_H 1
| #define HAVE_STRING_H 1
| #define HAVE_MEMORY_H 1
| #define HAVE_STRINGS_H 1
| #define HAVE_INTTYPES_H 1
| #define HAVE_STDINT_H 1
| #define HAVE_UNISTD_H 1
| #define HAVE_DLFCN_H 1
| #define HAVE_LIBRESOLV 1
| #define HAVE_LIBRT 1
| #define HAVE_LIBNSL 1
| #define STDC_HEADERS 1
| #define HAVE_FCNTL_H 1
| #define HAVE_STDARG_H 1
| #define HAVE_INTTYPES_H 1
| #define HAVE_STDINT_H 1
| #define HAVE_POLL_H 1
| #define HAVE_SIGNAL_H 1
| #define HAVE_UNISTD_H 1
| #define HAVE_SYS_EPOLL_H 1
| #define HAVE_SYS_TIME_H 1
| #define HAVE_SYS_QUEUE_H 1
| /* end confdefs.h.  */
| #include <sys/event.h>
configure:20574: result: no
configure:20602: checking for sys/event.h
configure:20611: result: no
configure:20496: checking sys/param.h usability
configure:20513: gcc -c -g -O2 -Wall -fno-strict-aliasing  conftest.c >&5
configure:20520: $? = 0
configure:20534: result: yes
configure:20538: checking sys/param.h presence
configure:20553: gcc -E  conftest.c
configure:20560: $? = 0
configure:20574: result: yes
configure:20602: checking for sys/param.h
configure:20611: result: yes
configure:20496: checking sys/ioctl.h usability
configure:20513: gcc -c -g -O2 -Wall -fno-strict-aliasing  conftest.c >&5
configure:20520: $? = 0
configure:20534: result: yes
configure:20538: checking sys/ioctl.h presence
configure:20553: gcc -E  conftest.c
configure:20560: $? = 0
configure:20574: result: yes
configure:20602: checking for sys/ioctl.h
configure:20611: result: yes
configure:20496: checking sys/select.h usability
configure:20513: gcc -c -g -O2 -Wall -fno-strict-aliasing  conftest.c >&5
configure:20520: $? = 0
configure:20534: result: yes
configure:20538: checking sys/select.h presence
configure:20553: gcc -E  conftest.c
configure:20560: $? = 0
configure:20574: result: yes
configure:20602: checking for sys/select.h
configure:20611: result: yes
configure:20496: checking sys/devpoll.h usability
configure:20513: gcc -c -g -O2 -Wall -fno-strict-aliasing  conftest.c >&5
conftest.c:71:25: error: sys/devpoll.h: No such file or directory
configure:20520: $? = 1
configure: failed program was:
| /* confdefs.h.  */
| #define PACKAGE_NAME ""
| #define PACKAGE_TARNAME ""
| #define PACKAGE_VERSION ""
| #define PACKAGE_STRING ""
| #define PACKAGE_BUGREPORT ""
| #define PACKAGE "libevent"
| #define VERSION "1.4.13-stable"
| #define STDC_HEADERS 1
| #define HAVE_SYS_TYPES_H 1
| #define HAVE_SYS_STAT_H 1
| #define HAVE_STDLIB_H 1
| #define HAVE_STRING_H 1
| #define HAVE_MEMORY_H 1
| #define HAVE_STRINGS_H 1
| #define HAVE_INTTYPES_H 1
| #define HAVE_STDINT_H 1
| #define HAVE_UNISTD_H 1
| #define HAVE_DLFCN_H 1
| #define HAVE_LIBRESOLV 1
| #define HAVE_LIBRT 1
| #define HAVE_LIBNSL 1
| #define STDC_HEADERS 1
| #define HAVE_FCNTL_H 1
| #define HAVE_STDARG_H 1
| #define HAVE_INTTYPES_H 1
| #define HAVE_STDINT_H 1
| #define HAVE_POLL_H 1
| #define HAVE_SIGNAL_H 1
| #define HAVE_UNISTD_H 1
| #define HAVE_SYS_EPOLL_H 1
| #define HAVE_SYS_TIME_H 1
| #define HAVE_SYS_QUEUE_H 1
| #define HAVE_SYS_PARAM_H 1
| #define HAVE_SYS_IOCTL_H 1
| #define HAVE_SYS_SELECT_H 1
| /* end confdefs.h.  */
| #include <stdio.h>
| #ifdef HAVE_SYS_TYPES_H
| # include <sys/types.h>
| #endif
| #ifdef HAVE_SYS_STAT_H
| # include <sys/stat.h>
| #endif
| #ifdef STDC_HEADERS
| # include <stdlib.h>
| # include <stddef.h>
| #else
| # ifdef HAVE_STDLIB_H
| #  include <stdlib.h>
| # endif
| #endif
| #ifdef HAVE_STRING_H
| # if !defined STDC_HEADERS && defined HAVE_MEMORY_H
| #  include <memory.h>
| # endif
| # include <string.h>
| #endif
| #ifdef HAVE_STRINGS_H
| # include <strings.h>
| #endif
| #ifdef HAVE_INTTYPES_H
| # include <inttypes.h>
| #endif
| #ifdef HAVE_STDINT_H
| # include <stdint.h>
| #endif
| #ifdef HAVE_UNISTD_H
| # include <unistd.h>
| #endif
| #include <sys/devpoll.h>
configure:20534: result: no
configure:20538: checking sys/devpoll.h presence
configure:20553: gcc -E  conftest.c
conftest.c:38:25: error: sys/devpoll.h: No such file or directory
configure:20560: $? = 1
configure: failed program was:
| /* confdefs.h.  */
| #define PACKAGE_NAME ""
| #define PACKAGE_TARNAME ""
| #define PACKAGE_VERSION ""
| #define PACKAGE_STRING ""
| #define PACKAGE_BUGREPORT ""
| #define PACKAGE "libevent"
| #define VERSION "1.4.13-stable"
| #define STDC_HEADERS 1
| #define HAVE_SYS_TYPES_H 1
| #define HAVE_SYS_STAT_H 1
| #define HAVE_STDLIB_H 1
| #define HAVE_STRING_H 1
| #define HAVE_MEMORY_H 1
| #define HAVE_STRINGS_H 1
| #define HAVE_INTTYPES_H 1
| #define HAVE_STDINT_H 1
| #define HAVE_UNISTD_H 1
| #define HAVE_DLFCN_H 1
| #define HAVE_LIBRESOLV 1
| #define HAVE_LIBRT 1
| #define HAVE_LIBNSL 1
| #define STDC_HEADERS 1
| #define HAVE_FCNTL_H 1
| #define HAVE_STDARG_H 1
| #define HAVE_INTTYPES_H 1
| #define HAVE_STDINT_H 1
| #define HAVE_POLL_H 1
| #define HAVE_SIGNAL_H 1
| #define HAVE_UNISTD_H 1
| #define HAVE_SYS_EPOLL_H 1
| #define HAVE_SYS_TIME_H 1
| #define HAVE_SYS_QUEUE_H 1
| #define HAVE_SYS_PARAM_H 1
| #define HAVE_SYS_IOCTL_H 1
| #define HAVE_SYS_SELECT_H 1
| /* end confdefs.h.  */
| #include <sys/devpoll.h>
configure:20574: result: no
configure:20602: checking for sys/devpoll.h
configure:20611: result: no
configure:20496: checking port.h usability
configure:20513: gcc -c -g -O2 -Wall -fno-strict-aliasing  conftest.c >&5
conftest.c:71:18: error: port.h: No such file or directory
configure:20520: $? = 1
configure: failed program was:
| /* confdefs.h.  */
| #define PACKAGE_NAME ""
| #define PACKAGE_TARNAME ""
| #define PACKAGE_VERSION ""
| #define PACKAGE_STRING ""
| #define PACKAGE_BUGREPORT ""
| #define PACKAGE "libevent"
| #define VERSION "1.4.13-stable"
| #define STDC_HEADERS 1
| #define HAVE_SYS_TYPES_H 1
| #define HAVE_SYS_STAT_H 1
| #define HAVE_STDLIB_H 1
| #define HAVE_STRING_H 1
| #define HAVE_MEMORY_H 1
| #define HAVE_STRINGS_H 1
| #define HAVE_INTTYPES_H 1
| #define HAVE_STDINT_H 1
| #define HAVE_UNISTD_H 1
| #define HAVE_DLFCN_H 1
| #define HAVE_LIBRESOLV 1
| #define HAVE_LIBRT 1
| #define HAVE_LIBNSL 1
| #define STDC_HEADERS 1
| #define HAVE_FCNTL_H 1
| #define HAVE_STDARG_H 1
| #define HAVE_INTTYPES_H 1
| #define HAVE_STDINT_H 1
| #define HAVE_POLL_H 1
| #define HAVE_SIGNAL_H 1
| #define HAVE_UNISTD_H 1
| #define HAVE_SYS_EPOLL_H 1
| #define HAVE_SYS_TIME_H 1
| #define HAVE_SYS_QUEUE_H 1
| #define HAVE_SYS_PARAM_H 1
| #define HAVE_SYS_IOCTL_H 1
| #define HAVE_SYS_SELECT_H 1
| /* end confdefs.h.  */
| #include <stdio.h>
| #ifdef HAVE_SYS_TYPES_H
| # include <sys/types.h>
| #endif
| #ifdef HAVE_SYS_STAT_H
| # include <sys/stat.h>
| #endif
| #ifdef STDC_HEADERS
| # include <stdlib.h>
| # include <stddef.h>
| #else
| # ifdef HAVE_STDLIB_H
| #  include <stdlib.h>
| # endif
| #endif
| #ifdef HAVE_STRING_H
| # if !defined STDC_HEADERS && defined HAVE_MEMORY_H
| #  include <memory.h>
| # endif
| # include <string.h>
| #endif
| #ifdef HAVE_STRINGS_H
| # include <strings.h>
| #endif
| #ifdef HAVE_INTTYPES_H
| # include <inttypes.h>
| #endif
| #ifdef HAVE_STDINT_H
| # include <stdint.h>
| #endif
| #ifdef HAVE_UNISTD_H
| # include <unistd.h>
| #endif
| #include <port.h>
configure:20534: result: no
configure:20538: checking port.h presence
configure:20553: gcc -E  conftest.c
conftest.c:38:18: error: port.h: No such file or directory
configure:20560: $? = 1
configure: failed program was:
| /* confdefs.h.  */
| #define PACKAGE_NAME ""
| #define PACKAGE_TARNAME ""
| #define PACKAGE_VERSION ""
| #define PACKAGE_STRING ""
| #define PACKAGE_BUGREPORT ""
| #define PACKAGE "libevent"
| #define VERSION "1.4.13-stable"
| #define STDC_HEADERS 1
| #define HAVE_SYS_TYPES_H 1
| #define HAVE_SYS_STAT_H 1
| #define HAVE_STDLIB_H 1
| #define HAVE_STRING_H 1
| #define HAVE_MEMORY_H 1
| #define HAVE_STRINGS_H 1
| #define HAVE_INTTYPES_H 1
| #define HAVE_STDINT_H 1
| #define HAVE_UNISTD_H 1
| #define HAVE_DLFCN_H 1
| #define HAVE_LIBRESOLV 1
| #define HAVE_LIBRT 1
| #define HAVE_LIBNSL 1
| #define STDC_HEADERS 1
| #define HAVE_FCNTL_H 1
| #define HAVE_STDARG_H 1
| #define HAVE_INTTYPES_H 1
| #define HAVE_STDINT_H 1
| #define HAVE_POLL_H 1
| #define HAVE_SIGNAL_H 1
| #define HAVE_UNISTD_H 1
| #define HAVE_SYS_EPOLL_H 1
| #define HAVE_SYS_TIME_H 1
| #define HAVE_SYS_QUEUE_H 1
| #define HAVE_SYS_PARAM_H 1
| #define HAVE_SYS_IOCTL_H 1
| #define HAVE_SYS_SELECT_H 1
| /* end confdefs.h.  */
| #include <port.h>
configure:20574: result: no
configure:20602: checking for port.h
configure:20611: result: no
configure:20496: checking netinet/in6.h usability
configure:20513: gcc -c -g -O2 -Wall -fno-strict-aliasing  conftest.c >&5
conftest.c:71:25: error: netinet/in6.h: No such file or directory
configure:20520: $? = 1
configure: failed program was:
| /* confdefs.h.  */
| #define PACKAGE_NAME ""
| #define PACKAGE_TARNAME ""
| #define PACKAGE_VERSION ""
| #define PACKAGE_STRING ""
| #define PACKAGE_BUGREPORT ""
| #define PACKAGE "libevent"
| #define VERSION "1.4.13-stable"
| #define STDC_HEADERS 1
| #define HAVE_SYS_TYPES_H 1
| #define HAVE_SYS_STAT_H 1
| #define HAVE_STDLIB_H 1
| #define HAVE_STRING_H 1
| #define HAVE_MEMORY_H 1
| #define HAVE_STRINGS_H 1
| #define HAVE_INTTYPES_H 1
| #define HAVE_STDINT_H 1
| #define HAVE_UNISTD_H 1
| #define HAVE_DLFCN_H 1
| #define HAVE_LIBRESOLV 1
| #define HAVE_LIBRT 1
| #define HAVE_LIBNSL 1
| #define STDC_HEADERS 1
| #define HAVE_FCNTL_H 1
| #define HAVE_STDARG_H 1
| #define HAVE_INTTYPES_H 1
| #define HAVE_STDINT_H 1
| #define HAVE_POLL_H 1
| #define HAVE_SIGNAL_H 1
| #define HAVE_UNISTD_H 1
| #define HAVE_SYS_EPOLL_H 1
| #define HAVE_SYS_TIME_H 1
| #define HAVE_SYS_QUEUE_H 1
| #define HAVE_SYS_PARAM_H 1
| #define HAVE_SYS_IOCTL_H 1
| #define HAVE_SYS_SELECT_H 1
| /* end confdefs.h.  */
| #include <stdio.h>
| #ifdef HAVE_SYS_TYPES_H
| # include <sys/types.h>
| #endif
| #ifdef HAVE_SYS_STAT_H
| # include <sys/stat.h>
| #endif
| #ifdef STDC_HEADERS
| # include <stdlib.h>
| # include <stddef.h>
| #else
| # ifdef HAVE_STDLIB_H
| #  include <stdlib.h>
| # endif
| #endif
| #ifdef HAVE_STRING_H
| # if !defined STDC_HEADERS && defined HAVE_MEMORY_H
| #  include <memory.h>
| # endif
| # include <string.h>
| #endif
| #ifdef HAVE_STRINGS_H
| # include <strings.h>
| #endif
| #ifdef HAVE_INTTYPES_H
| # include <inttypes.h>
| #endif
| #ifdef HAVE_STDINT_H
| # include <stdint.h>
| #endif
| #ifdef HAVE_UNISTD_H
| # include <unistd.h>
| #endif
| #include <netinet/in6.h>
configure:20534: result: no
configure:20538: checking netinet/in6.h presence
configure:20553: gcc -E  conftest.c
conftest.c:38:25: error: netinet/in6.h: No such file or directory
configure:20560: $? = 1
configure: failed program was:
| /* confdefs.h.  */
| #define PACKAGE_NAME ""
| #define PACKAGE_TARNAME ""
| #define PACKAGE_VERSION ""
| #define PACKAGE_STRING ""
| #define PACKAGE_BUGREPORT ""
| #define PACKAGE "libevent"
| #define VERSION "1.4.13-stable"
| #define STDC_HEADERS 1
| #define HAVE_SYS_TYPES_H 1
| #define HAVE_SYS_STAT_H 1
| #define HAVE_STDLIB_H 1
| #define HAVE_STRING_H 1
| #define HAVE_MEMORY_H 1
| #define HAVE_STRINGS_H 1
| #define HAVE_INTTYPES_H 1
| #define HAVE_STDINT_H 1
| #define HAVE_UNISTD_H 1
| #define HAVE_DLFCN_H 1
| #define HAVE_LIBRESOLV 1
| #define HAVE_LIBRT 1
| #define HAVE_LIBNSL 1
| #define STDC_HEADERS 1
| #define HAVE_FCNTL_H 1
| #define HAVE_STDARG_H 1
| #define HAVE_INTTYPES_H 1
| #define HAVE_STDINT_H 1
| #define HAVE_POLL_H 1
| #define HAVE_SIGNAL_H 1
| #define HAVE_UNISTD_H 1
| #define HAVE_SYS_EPOLL_H 1
| #define HAVE_SYS_TIME_H 1
| #define HAVE_SYS_QUEUE_H 1
| #define HAVE_SYS_PARAM_H 1
| #define HAVE_SYS_IOCTL_H 1
| #define HAVE_SYS_SELECT_H 1
| /* end confdefs.h.  */
| #include <netinet/in6.h>
configure:20574: result: no
configure:20602: checking for netinet/in6.h
configure:20611: result: no
configure:20496: checking sys/socket.h usability
configure:20513: gcc -c -g -O2 -Wall -fno-strict-aliasing  conftest.c >&5
configure:20520: $? = 0
configure:20534: result: yes
configure:20538: checking sys/socket.h presence
configure:20553: gcc -E  conftest.c
configure:20560: $? = 0
configure:20574: result: yes
configure:20602: checking for sys/socket.h
configure:20611: result: yes
configure:20627: checking for TAILQ_FOREACH in sys/queue.h
configure:20644: result: yes
configure:20661: checking for timeradd in sys/time.h
configure:20683: result: yes
configure:20695: checking for timercmp in sys/time.h
configure:20717: result: yes
configure:20729: checking for timerclear in sys/time.h
configure:20751: result: yes
configure:20763: checking for timerisset in sys/time.h
configure:20785: result: yes
configure:20796: checking for WIN32
configure:20823: gcc -c -g -O2 -Wall -fno-strict-aliasing  conftest.c >&5
conftest.c: In function 'main':
conftest.c:50: error: 'die' undeclared (first use in this function)
conftest.c:50: error: (Each undeclared identifier is reported only once
conftest.c:50: error: for each function it appears in.)
conftest.c:50: error: expected ';' before 'horribly'
configure:20830: $? = 1
configure: failed program was:
| /* confdefs.h.  */
| #define PACKAGE_NAME ""
| #define PACKAGE_TARNAME ""
| #define PACKAGE_VERSION ""
| #define PACKAGE_STRING ""
| #define PACKAGE_BUGREPORT ""
| #define PACKAGE "libevent"
| #define VERSION "1.4.13-stable"
| #define STDC_HEADERS 1
| #define HAVE_SYS_TYPES_H 1
| #define HAVE_SYS_STAT_H 1
| #define HAVE_STDLIB_H 1
| #define HAVE_STRING_H 1
| #define HAVE_MEMORY_H 1
| #define HAVE_STRINGS_H 1
| #define HAVE_INTTYPES_H 1
| #define HAVE_STDINT_H 1
| #define HAVE_UNISTD_H 1
| #define HAVE_DLFCN_H 1
| #define HAVE_LIBRESOLV 1
| #define HAVE_LIBRT 1
| #define HAVE_LIBNSL 1
| #define STDC_HEADERS 1
| #define HAVE_FCNTL_H 1
| #define HAVE_STDARG_H 1
| #define HAVE_INTTYPES_H 1
| #define HAVE_STDINT_H 1
| #define HAVE_POLL_H 1
| #define HAVE_SIGNAL_H 1
| #define HAVE_UNISTD_H 1
| #define HAVE_SYS_EPOLL_H 1
| #define HAVE_SYS_TIME_H 1
| #define HAVE_SYS_QUEUE_H 1
| #define HAVE_SYS_PARAM_H 1
| #define HAVE_SYS_IOCTL_H 1
| #define HAVE_SYS_SELECT_H 1
| #define HAVE_SYS_SOCKET_H 1
| #define HAVE_TAILQFOREACH 1
| #define HAVE_TIMERADD 1
| #define HAVE_TIMERCMP 1
| #define HAVE_TIMERCLEAR 1
| #define HAVE_TIMERISSET 1
| /* end confdefs.h.  */
| 
| int
| main ()
| {
| 
| #ifndef WIN32
| die horribly
| #endif
| 
|   ;
|   return 0;
| }
configure:20841: result: no
configure:20856: checking for an ANSI C-conforming const
configure:20931: gcc -c -g -O2 -Wall -fno-strict-aliasing  conftest.c >&5
conftest.c: In function 'main':
conftest.c:73: warning: 't' is used uninitialized in this function
conftest.c:89: warning: 'b' is used uninitialized in this function
conftest.c:52: warning: 'cs[0]' is used uninitialized in this function
configure:20938: $? = 0
configure:20953: result: yes
configure:20963: checking for inline
configure:20989: gcc -c -g -O2 -Wall -fno-strict-aliasing  conftest.c >&5
configure:20996: $? = 0
configure:21014: result: inline
configure:21033: checking whether time.h and sys/time.h may both be included
configure:21063: gcc -c -g -O2 -Wall -fno-strict-aliasing  conftest.c >&5
configure:21070: $? = 0
configure:21085: result: yes
configure:21115: checking for gettimeofday
configure:21171: gcc -o conftest -g -O2 -Wall -fno-strict-aliasing   conftest.c -lnsl -lrt -lresolv  >&5
configure:21178: $? = 0
configure:21200: result: yes
configure:21115: checking for vasprintf
configure:21171: gcc -o conftest -g -O2 -Wall -fno-strict-aliasing   conftest.c -lnsl -lrt -lresolv  >&5
configure:21178: $? = 0
configure:21200: result: yes
configure:21115: checking for fcntl
configure:21171: gcc -o conftest -g -O2 -Wall -fno-strict-aliasing   conftest.c -lnsl -lrt -lresolv  >&5
configure:21178: $? = 0
configure:21200: result: yes
configure:21115: checking for clock_gettime
configure:21171: gcc -o conftest -g -O2 -Wall -fno-strict-aliasing   conftest.c -lnsl -lrt -lresolv  >&5
configure:21178: $? = 0
configure:21200: result: yes
configure:21115: checking for strtok_r
configure:21171: gcc -o conftest -g -O2 -Wall -fno-strict-aliasing   conftest.c -lnsl -lrt -lresolv  >&5
configure:21178: $? = 0
configure:21200: result: yes
configure:21115: checking for strsep
configure:21171: gcc -o conftest -g -O2 -Wall -fno-strict-aliasing   conftest.c -lnsl -lrt -lresolv  >&5
configure:21178: $? = 0
configure:21200: result: yes
configure:21115: checking for getaddrinfo
configure:21171: gcc -o conftest -g -O2 -Wall -fno-strict-aliasing   conftest.c -lnsl -lrt -lresolv  >&5
configure:21178: $? = 0
configure:21200: result: yes
configure:21115: checking for getnameinfo
configure:21171: gcc -o conftest -g -O2 -Wall -fno-strict-aliasing   conftest.c -lnsl -lrt -lresolv  >&5
configure:21178: $? = 0
configure:21200: result: yes
configure:21115: checking for strlcpy
configure:21171: gcc -o conftest -g -O2 -Wall -fno-strict-aliasing   conftest.c -lnsl -lrt -lresolv  >&5
/tmp/cclnLPZr.o: In function `main':
/home/git/libevent-1.4.13-stable/conftest.c:87: undefined reference to `strlcpy'
collect2: ld returned 1 exit status
configure:21178: $? = 1
configure: failed program was:
| /* confdefs.h.  */
| #define PACKAGE_NAME ""
| #define PACKAGE_TARNAME ""
| #define PACKAGE_VERSION ""
| #define PACKAGE_STRING ""
| #define PACKAGE_BUGREPORT ""
| #define PACKAGE "libevent"
| #define VERSION "1.4.13-stable"
| #define STDC_HEADERS 1
| #define HAVE_SYS_TYPES_H 1
| #define HAVE_SYS_STAT_H 1
| #define HAVE_STDLIB_H 1
| #define HAVE_STRING_H 1
| #define HAVE_MEMORY_H 1
| #define HAVE_STRINGS_H 1
| #define HAVE_INTTYPES_H 1
| #define HAVE_STDINT_H 1
| #define HAVE_UNISTD_H 1
| #define HAVE_DLFCN_H 1
| #define HAVE_LIBRESOLV 1
| #define HAVE_LIBRT 1
| #define HAVE_LIBNSL 1
| #define STDC_HEADERS 1
| #define HAVE_FCNTL_H 1
| #define HAVE_STDARG_H 1
| #define HAVE_INTTYPES_H 1
| #define HAVE_STDINT_H 1
| #define HAVE_POLL_H 1
| #define HAVE_SIGNAL_H 1
| #define HAVE_UNISTD_H 1
| #define HAVE_SYS_EPOLL_H 1
| #define HAVE_SYS_TIME_H 1
| #define HAVE_SYS_QUEUE_H 1
| #define HAVE_SYS_PARAM_H 1
| #define HAVE_SYS_IOCTL_H 1
| #define HAVE_SYS_SELECT_H 1
| #define HAVE_SYS_SOCKET_H 1
| #define HAVE_TAILQFOREACH 1
| #define HAVE_TIMERADD 1
| #define HAVE_TIMERCMP 1
| #define HAVE_TIMERCLEAR 1
| #define HAVE_TIMERISSET 1
| #define TIME_WITH_SYS_TIME 1
| #define HAVE_GETTIMEOFDAY 1
| #define HAVE_VASPRINTF 1
| #define HAVE_FCNTL 1
| #define HAVE_CLOCK_GETTIME 1
| #define HAVE_STRTOK_R 1
| #define HAVE_STRSEP 1
| #define HAVE_GETADDRINFO 1
| #define HAVE_GETNAMEINFO 1
| /* end confdefs.h.  */
| /* Define strlcpy to an innocuous variant, in case <limits.h> declares strlcpy.
|    For example, HP-UX 11i <limits.h> declares gettimeofday.  */
| #define strlcpy innocuous_strlcpy
| 
| /* System header to define __stub macros and hopefully few prototypes,
|     which can conflict with char strlcpy (); below.
|     Prefer <limits.h> to <assert.h> if __STDC__ is defined, since
|     <limits.h> exists even on freestanding compilers.  */
| 
| #ifdef __STDC__
| # include <limits.h>
| #else
| # include <assert.h>
| #endif
| 
| #undef strlcpy
| 
| /* Override any GCC internal prototype to avoid an error.
|    Use char because int might match the return type of a GCC
|    builtin and then its argument prototype would still apply.  */
| #ifdef __cplusplus
| extern "C"
| #endif
| char strlcpy ();
| /* The GNU C library defines this for functions which it implements
|     to always fail with ENOSYS.  Some functions are actually named
|     something starting with __ and the normal name is an alias.  */
| #if defined __stub_strlcpy || defined __stub___strlcpy
| choke me
| #endif
| 
| int
| main ()
| {
| return strlcpy ();
|   ;
|   return 0;
| }
configure:21200: result: no
configure:21115: checking for inet_ntop
configure:21171: gcc -o conftest -g -O2 -Wall -fno-strict-aliasing   conftest.c -lnsl -lrt -lresolv  >&5
configure:21178: $? = 0
configure:21200: result: yes
configure:21115: checking for signal
configure:21171: gcc -o conftest -g -O2 -Wall -fno-strict-aliasing   conftest.c -lnsl -lrt -lresolv  >&5
configure:21178: $? = 0
configure:21200: result: yes
configure:21115: checking for sigaction
configure:21171: gcc -o conftest -g -O2 -Wall -fno-strict-aliasing   conftest.c -lnsl -lrt -lresolv  >&5
configure:21178: $? = 0
configure:21200: result: yes
configure:21115: checking for strtoll
configure:21171: gcc -o conftest -g -O2 -Wall -fno-strict-aliasing   conftest.c -lnsl -lrt -lresolv  >&5
configure:21178: $? = 0
configure:21200: result: yes
configure:21115: checking for issetugid
configure:21171: gcc -o conftest -g -O2 -Wall -fno-strict-aliasing   conftest.c -lnsl -lrt -lresolv  >&5
/tmp/cc88JnNF.o: In function `main':
/home/git/libevent-1.4.13-stable/conftest.c:91: undefined reference to `issetugid'
collect2: ld returned 1 exit status
configure:21178: $? = 1
configure: failed program was:
| /* confdefs.h.  */
| #define PACKAGE_NAME ""
| #define PACKAGE_TARNAME ""
| #define PACKAGE_VERSION ""
| #define PACKAGE_STRING ""
| #define PACKAGE_BUGREPORT ""
| #define PACKAGE "libevent"
| #define VERSION "1.4.13-stable"
| #define STDC_HEADERS 1
| #define HAVE_SYS_TYPES_H 1
| #define HAVE_SYS_STAT_H 1
| #define HAVE_STDLIB_H 1
| #define HAVE_STRING_H 1
| #define HAVE_MEMORY_H 1
| #define HAVE_STRINGS_H 1
| #define HAVE_INTTYPES_H 1
| #define HAVE_STDINT_H 1
| #define HAVE_UNISTD_H 1
| #define HAVE_DLFCN_H 1
| #define HAVE_LIBRESOLV 1
| #define HAVE_LIBRT 1
| #define HAVE_LIBNSL 1
| #define STDC_HEADERS 1
| #define HAVE_FCNTL_H 1
| #define HAVE_STDARG_H 1
| #define HAVE_INTTYPES_H 1
| #define HAVE_STDINT_H 1
| #define HAVE_POLL_H 1
| #define HAVE_SIGNAL_H 1
| #define HAVE_UNISTD_H 1
| #define HAVE_SYS_EPOLL_H 1
| #define HAVE_SYS_TIME_H 1
| #define HAVE_SYS_QUEUE_H 1
| #define HAVE_SYS_PARAM_H 1
| #define HAVE_SYS_IOCTL_H 1
| #define HAVE_SYS_SELECT_H 1
| #define HAVE_SYS_SOCKET_H 1
| #define HAVE_TAILQFOREACH 1
| #define HAVE_TIMERADD 1
| #define HAVE_TIMERCMP 1
| #define HAVE_TIMERCLEAR 1
| #define HAVE_TIMERISSET 1
| #define TIME_WITH_SYS_TIME 1
| #define HAVE_GETTIMEOFDAY 1
| #define HAVE_VASPRINTF 1
| #define HAVE_FCNTL 1
| #define HAVE_CLOCK_GETTIME 1
| #define HAVE_STRTOK_R 1
| #define HAVE_STRSEP 1
| #define HAVE_GETADDRINFO 1
| #define HAVE_GETNAMEINFO 1
| #define HAVE_INET_NTOP 1
| #define HAVE_SIGNAL 1
| #define HAVE_SIGACTION 1
| #define HAVE_STRTOLL 1
| /* end confdefs.h.  */
| /* Define issetugid to an innocuous variant, in case <limits.h> declares issetugid.
|    For example, HP-UX 11i <limits.h> declares gettimeofday.  */
| #define issetugid innocuous_issetugid
| 
| /* System header to define __stub macros and hopefully few prototypes,
|     which can conflict with char issetugid (); below.
|     Prefer <limits.h> to <assert.h> if __STDC__ is defined, since
|     <limits.h> exists even on freestanding compilers.  */
| 
| #ifdef __STDC__
| # include <limits.h>
| #else
| # include <assert.h>
| #endif
| 
| #undef issetugid
| 
| /* Override any GCC internal prototype to avoid an error.
|    Use char because int might match the return type of a GCC
|    builtin and then its argument prototype would still apply.  */
| #ifdef __cplusplus
| extern "C"
| #endif
| char issetugid ();
| /* The GNU C library defines this for functions which it implements
|     to always fail with ENOSYS.  Some functions are actually named
|     something starting with __ and the normal name is an alias.  */
| #if defined __stub_issetugid || defined __stub___issetugid
| choke me
| #endif
| 
| int
| main ()
| {
| return issetugid ();
|   ;
|   return 0;
| }
configure:21200: result: no
configure:21115: checking for geteuid
configure:21171: gcc -o conftest -g -O2 -Wall -fno-strict-aliasing   conftest.c -lnsl -lrt -lresolv  >&5
configure:21178: $? = 0
configure:21200: result: yes
configure:21115: checking for getegid
configure:21171: gcc -o conftest -g -O2 -Wall -fno-strict-aliasing   conftest.c -lnsl -lrt -lresolv  >&5
configure:21178: $? = 0
configure:21200: result: yes
configure:21217: checking size of long
configure:21522: gcc -o conftest -g -O2 -Wall -fno-strict-aliasing   conftest.c -lnsl -lrt -lresolv  >&5
configure:21526: $? = 0
configure:21532: ./conftest
configure:21536: $? = 0
configure:21562: result: 8
configure:21587: checking for F_SETFD in fcntl.h
configure:21610: result: yes
configure:21625: checking for select
configure:21681: gcc -o conftest -g -O2 -Wall -fno-strict-aliasing   conftest.c -lnsl -lrt -lresolv  >&5
configure:21688: $? = 0
configure:21710: result: yes
configure:21737: checking for poll
configure:21793: gcc -o conftest -g -O2 -Wall -fno-strict-aliasing   conftest.c -lnsl -lrt -lresolv  >&5
configure:21800: $? = 0
configure:21822: result: yes
configure:21849: checking for epoll_ctl
configure:21905: gcc -o conftest -g -O2 -Wall -fno-strict-aliasing   conftest.c -lnsl -lrt -lresolv  >&5
configure:21912: $? = 0
configure:21934: result: yes
configure:22291: checking for port_create
configure:22347: gcc -o conftest -g -O2 -Wall -fno-strict-aliasing   conftest.c -lnsl -lrt -lresolv  >&5
/tmp/cccvTo27.o: In function `main':
/home/git/libevent-1.4.13-stable/conftest.c:100: undefined reference to `port_create'
collect2: ld returned 1 exit status
configure:22354: $? = 1
configure: failed program was:
| /* confdefs.h.  */
| #define PACKAGE_NAME ""
| #define PACKAGE_TARNAME ""
| #define PACKAGE_VERSION ""
| #define PACKAGE_STRING ""
| #define PACKAGE_BUGREPORT ""
| #define PACKAGE "libevent"
| #define VERSION "1.4.13-stable"
| #define STDC_HEADERS 1
| #define HAVE_SYS_TYPES_H 1
| #define HAVE_SYS_STAT_H 1
| #define HAVE_STDLIB_H 1
| #define HAVE_STRING_H 1
| #define HAVE_MEMORY_H 1
| #define HAVE_STRINGS_H 1
| #define HAVE_INTTYPES_H 1
| #define HAVE_STDINT_H 1
| #define HAVE_UNISTD_H 1
| #define HAVE_DLFCN_H 1
| #define HAVE_LIBRESOLV 1
| #define HAVE_LIBRT 1
| #define HAVE_LIBNSL 1
| #define STDC_HEADERS 1
| #define HAVE_FCNTL_H 1
| #define HAVE_STDARG_H 1
| #define HAVE_INTTYPES_H 1
| #define HAVE_STDINT_H 1
| #define HAVE_POLL_H 1
| #define HAVE_SIGNAL_H 1
| #define HAVE_UNISTD_H 1
| #define HAVE_SYS_EPOLL_H 1
| #define HAVE_SYS_TIME_H 1
| #define HAVE_SYS_QUEUE_H 1
| #define HAVE_SYS_PARAM_H 1
| #define HAVE_SYS_IOCTL_H 1
| #define HAVE_SYS_SELECT_H 1
| #define HAVE_SYS_SOCKET_H 1
| #define HAVE_TAILQFOREACH 1
| #define HAVE_TIMERADD 1
| #define HAVE_TIMERCMP 1
| #define HAVE_TIMERCLEAR 1
| #define HAVE_TIMERISSET 1
| #define TIME_WITH_SYS_TIME 1
| #define HAVE_GETTIMEOFDAY 1
| #define HAVE_VASPRINTF 1
| #define HAVE_FCNTL 1
| #define HAVE_CLOCK_GETTIME 1
| #define HAVE_STRTOK_R 1
| #define HAVE_STRSEP 1
| #define HAVE_GETADDRINFO 1
| #define HAVE_GETNAMEINFO 1
| #define HAVE_INET_NTOP 1
| #define HAVE_SIGNAL 1
| #define HAVE_SIGACTION 1
| #define HAVE_STRTOLL 1
| #define HAVE_GETEUID 1
| #define HAVE_GETEGID 1
| #define SIZEOF_LONG 8
| #define DNS_USE_CPU_CLOCK_FOR_ID 1
| #define HAVE_SETFD 1
| #define HAVE_SELECT 1
| #define HAVE_POLL 1
| #define HAVE_EPOLL_CTL 1
| #define HAVE_EPOLL 1
| /* end confdefs.h.  */
| /* Define port_create to an innocuous variant, in case <limits.h> declares port_create.
|    For example, HP-UX 11i <limits.h> declares gettimeofday.  */
| #define port_create innocuous_port_create
| 
| /* System header to define __stub macros and hopefully few prototypes,
|     which can conflict with char port_create (); below.
|     Prefer <limits.h> to <assert.h> if __STDC__ is defined, since
|     <limits.h> exists even on freestanding compilers.  */
| 
| #ifdef __STDC__
| # include <limits.h>
| #else
| # include <assert.h>
| #endif
| 
| #undef port_create
| 
| /* Override any GCC internal prototype to avoid an error.
|    Use char because int might match the return type of a GCC
|    builtin and then its argument prototype would still apply.  */
| #ifdef __cplusplus
| extern "C"
| #endif
| char port_create ();
| /* The GNU C library defines this for functions which it implements
|     to always fail with ENOSYS.  Some functions are actually named
|     something starting with __ and the normal name is an alias.  */
| #if defined __stub_port_create || defined __stub___port_create
| choke me
| #endif
| 
| int
| main ()
| {
| return port_create ();
|   ;
|   return 0;
| }
configure:22376: result: no
configure:22417: checking for pid_t
configure:22445: gcc -c -g -O2 -Wall -fno-strict-aliasing  conftest.c >&5
configure:22452: $? = 0
configure:22479: gcc -c -g -O2 -Wall -fno-strict-aliasing  conftest.c >&5
conftest.c: In function 'main':
conftest.c:102: error: expected expression before ')' token
configure:22486: $? = 1
configure: failed program was:
| /* confdefs.h.  */
| #define PACKAGE_NAME ""
| #define PACKAGE_TARNAME ""
| #define PACKAGE_VERSION ""
| #define PACKAGE_STRING ""
| #define PACKAGE_BUGREPORT ""
| #define PACKAGE "libevent"
| #define VERSION "1.4.13-stable"
| #define STDC_HEADERS 1
| #define HAVE_SYS_TYPES_H 1
| #define HAVE_SYS_STAT_H 1
| #define HAVE_STDLIB_H 1
| #define HAVE_STRING_H 1
| #define HAVE_MEMORY_H 1
| #define HAVE_STRINGS_H 1
| #define HAVE_INTTYPES_H 1
| #define HAVE_STDINT_H 1
| #define HAVE_UNISTD_H 1
| #define HAVE_DLFCN_H 1
| #define HAVE_LIBRESOLV 1
| #define HAVE_LIBRT 1
| #define HAVE_LIBNSL 1
| #define STDC_HEADERS 1
| #define HAVE_FCNTL_H 1
| #define HAVE_STDARG_H 1
| #define HAVE_INTTYPES_H 1
| #define HAVE_STDINT_H 1
| #define HAVE_POLL_H 1
| #define HAVE_SIGNAL_H 1
| #define HAVE_UNISTD_H 1
| #define HAVE_SYS_EPOLL_H 1
| #define HAVE_SYS_TIME_H 1
| #define HAVE_SYS_QUEUE_H 1
| #define HAVE_SYS_PARAM_H 1
| #define HAVE_SYS_IOCTL_H 1
| #define HAVE_SYS_SELECT_H 1
| #define HAVE_SYS_SOCKET_H 1
| #define HAVE_TAILQFOREACH 1
| #define HAVE_TIMERADD 1
| #define HAVE_TIMERCMP 1
| #define HAVE_TIMERCLEAR 1
| #define HAVE_TIMERISSET 1
| #define TIME_WITH_SYS_TIME 1
| #define HAVE_GETTIMEOFDAY 1
| #define HAVE_VASPRINTF 1
| #define HAVE_FCNTL 1
| #define HAVE_CLOCK_GETTIME 1
| #define HAVE_STRTOK_R 1
| #define HAVE_STRSEP 1
| #define HAVE_GETADDRINFO 1
| #define HAVE_GETNAMEINFO 1
| #define HAVE_INET_NTOP 1
| #define HAVE_SIGNAL 1
| #define HAVE_SIGACTION 1
| #define HAVE_STRTOLL 1
| #define HAVE_GETEUID 1
| #define HAVE_GETEGID 1
| #define SIZEOF_LONG 8
| #define DNS_USE_CPU_CLOCK_FOR_ID 1
| #define HAVE_SETFD 1
| #define HAVE_SELECT 1
| #define HAVE_POLL 1
| #define HAVE_EPOLL_CTL 1
| #define HAVE_EPOLL 1
| /* end confdefs.h.  */
| #include <stdio.h>
| #ifdef HAVE_SYS_TYPES_H
| # include <sys/types.h>
| #endif
| #ifdef HAVE_SYS_STAT_H
| # include <sys/stat.h>
| #endif
| #ifdef STDC_HEADERS
| # include <stdlib.h>
| # include <stddef.h>
| #else
| # ifdef HAVE_STDLIB_H
| #  include <stdlib.h>
| # endif
| #endif
| #ifdef HAVE_STRING_H
| # if !defined STDC_HEADERS && defined HAVE_MEMORY_H
| #  include <memory.h>
| # endif
| # include <string.h>
| #endif
| #ifdef HAVE_STRINGS_H
| # include <strings.h>
| #endif
| #ifdef HAVE_INTTYPES_H
| # include <inttypes.h>
| #endif
| #ifdef HAVE_STDINT_H
| # include <stdint.h>
| #endif
| #ifdef HAVE_UNISTD_H
| # include <unistd.h>
| #endif
| int
| main ()
| {
| if (sizeof ((pid_t)))
| 	  return 0;
|   ;
|   return 0;
| }
configure:22509: result: yes
configure:22521: checking for size_t
configure:22549: gcc -c -g -O2 -Wall -fno-strict-aliasing  conftest.c >&5
configure:22556: $? = 0
configure:22583: gcc -c -g -O2 -Wall -fno-strict-aliasing  conftest.c >&5
conftest.c: In function 'main':
conftest.c:102: error: expected expression before ')' token
configure:22590: $? = 1
configure: failed program was:
| /* confdefs.h.  */
| #define PACKAGE_NAME ""
| #define PACKAGE_TARNAME ""
| #define PACKAGE_VERSION ""
| #define PACKAGE_STRING ""
| #define PACKAGE_BUGREPORT ""
| #define PACKAGE "libevent"
| #define VERSION "1.4.13-stable"
| #define STDC_HEADERS 1
| #define HAVE_SYS_TYPES_H 1
| #define HAVE_SYS_STAT_H 1
| #define HAVE_STDLIB_H 1
| #define HAVE_STRING_H 1
| #define HAVE_MEMORY_H 1
| #define HAVE_STRINGS_H 1
| #define HAVE_INTTYPES_H 1
| #define HAVE_STDINT_H 1
| #define HAVE_UNISTD_H 1
| #define HAVE_DLFCN_H 1
| #define HAVE_LIBRESOLV 1
| #define HAVE_LIBRT 1
| #define HAVE_LIBNSL 1
| #define STDC_HEADERS 1
| #define HAVE_FCNTL_H 1
| #define HAVE_STDARG_H 1
| #define HAVE_INTTYPES_H 1
| #define HAVE_STDINT_H 1
| #define HAVE_POLL_H 1
| #define HAVE_SIGNAL_H 1
| #define HAVE_UNISTD_H 1
| #define HAVE_SYS_EPOLL_H 1
| #define HAVE_SYS_TIME_H 1
| #define HAVE_SYS_QUEUE_H 1
| #define HAVE_SYS_PARAM_H 1
| #define HAVE_SYS_IOCTL_H 1
| #define HAVE_SYS_SELECT_H 1
| #define HAVE_SYS_SOCKET_H 1
| #define HAVE_TAILQFOREACH 1
| #define HAVE_TIMERADD 1
| #define HAVE_TIMERCMP 1
| #define HAVE_TIMERCLEAR 1
| #define HAVE_TIMERISSET 1
| #define TIME_WITH_SYS_TIME 1
| #define HAVE_GETTIMEOFDAY 1
| #define HAVE_VASPRINTF 1
| #define HAVE_FCNTL 1
| #define HAVE_CLOCK_GETTIME 1
| #define HAVE_STRTOK_R 1
| #define HAVE_STRSEP 1
| #define HAVE_GETADDRINFO 1
| #define HAVE_GETNAMEINFO 1
| #define HAVE_INET_NTOP 1
| #define HAVE_SIGNAL 1
| #define HAVE_SIGACTION 1
| #define HAVE_STRTOLL 1
| #define HAVE_GETEUID 1
| #define HAVE_GETEGID 1
| #define SIZEOF_LONG 8
| #define DNS_USE_CPU_CLOCK_FOR_ID 1
| #define HAVE_SETFD 1
| #define HAVE_SELECT 1
| #define HAVE_POLL 1
| #define HAVE_EPOLL_CTL 1
| #define HAVE_EPOLL 1
| /* end confdefs.h.  */
| #include <stdio.h>
| #ifdef HAVE_SYS_TYPES_H
| # include <sys/types.h>
| #endif
| #ifdef HAVE_SYS_STAT_H
| # include <sys/stat.h>
| #endif
| #ifdef STDC_HEADERS
| # include <stdlib.h>
| # include <stddef.h>
| #else
| # ifdef HAVE_STDLIB_H
| #  include <stdlib.h>
| # endif
| #endif
| #ifdef HAVE_STRING_H
| # if !defined STDC_HEADERS && defined HAVE_MEMORY_H
| #  include <memory.h>
| # endif
| # include <string.h>
| #endif
| #ifdef HAVE_STRINGS_H
| # include <strings.h>
| #endif
| #ifdef HAVE_INTTYPES_H
| # include <inttypes.h>
| #endif
| #ifdef HAVE_STDINT_H
| # include <stdint.h>
| #endif
| #ifdef HAVE_UNISTD_H
| # include <unistd.h>
| #endif
| int
| main ()
| {
| if (sizeof ((size_t)))
| 	  return 0;
|   ;
|   return 0;
| }
configure:22613: result: yes
configure:22625: checking for uint64_t
configure:22661: gcc -c -g -O2 -Wall -fno-strict-aliasing  conftest.c >&5
configure:22668: $? = 0
configure:22703: gcc -c -g -O2 -Wall -fno-strict-aliasing  conftest.c >&5
conftest.c: In function 'main':
conftest.c:78: error: expected expression before ')' token
configure:22710: $? = 1
configure: failed program was:
| /* confdefs.h.  */
| #define PACKAGE_NAME ""
| #define PACKAGE_TARNAME ""
| #define PACKAGE_VERSION ""
| #define PACKAGE_STRING ""
| #define PACKAGE_BUGREPORT ""
| #define PACKAGE "libevent"
| #define VERSION "1.4.13-stable"
| #define STDC_HEADERS 1
| #define HAVE_SYS_TYPES_H 1
| #define HAVE_SYS_STAT_H 1
| #define HAVE_STDLIB_H 1
| #define HAVE_STRING_H 1
| #define HAVE_MEMORY_H 1
| #define HAVE_STRINGS_H 1
| #define HAVE_INTTYPES_H 1
| #define HAVE_STDINT_H 1
| #define HAVE_UNISTD_H 1
| #define HAVE_DLFCN_H 1
| #define HAVE_LIBRESOLV 1
| #define HAVE_LIBRT 1
| #define HAVE_LIBNSL 1
| #define STDC_HEADERS 1
| #define HAVE_FCNTL_H 1
| #define HAVE_STDARG_H 1
| #define HAVE_INTTYPES_H 1
| #define HAVE_STDINT_H 1
| #define HAVE_POLL_H 1
| #define HAVE_SIGNAL_H 1
| #define HAVE_UNISTD_H 1
| #define HAVE_SYS_EPOLL_H 1
| #define HAVE_SYS_TIME_H 1
| #define HAVE_SYS_QUEUE_H 1
| #define HAVE_SYS_PARAM_H 1
| #define HAVE_SYS_IOCTL_H 1
| #define HAVE_SYS_SELECT_H 1
| #define HAVE_SYS_SOCKET_H 1
| #define HAVE_TAILQFOREACH 1
| #define HAVE_TIMERADD 1
| #define HAVE_TIMERCMP 1
| #define HAVE_TIMERCLEAR 1
| #define HAVE_TIMERISSET 1
| #define TIME_WITH_SYS_TIME 1
| #define HAVE_GETTIMEOFDAY 1
| #define HAVE_VASPRINTF 1
| #define HAVE_FCNTL 1
| #define HAVE_CLOCK_GETTIME 1
| #define HAVE_STRTOK_R 1
| #define HAVE_STRSEP 1
| #define HAVE_GETADDRINFO 1
| #define HAVE_GETNAMEINFO 1
| #define HAVE_INET_NTOP 1
| #define HAVE_SIGNAL 1
| #define HAVE_SIGACTION 1
| #define HAVE_STRTOLL 1
| #define HAVE_GETEUID 1
| #define HAVE_GETEGID 1
| #define SIZEOF_LONG 8
| #define DNS_USE_CPU_CLOCK_FOR_ID 1
| #define HAVE_SETFD 1
| #define HAVE_SELECT 1
| #define HAVE_POLL 1
| #define HAVE_EPOLL_CTL 1
| #define HAVE_EPOLL 1
| /* end confdefs.h.  */
| #ifdef HAVE_STDINT_H
| #include <stdint.h>
| #elif defined(HAVE_INTTYPES_H)
| #include <inttypes.h>
| #endif
| #ifdef HAVE_SYS_TYPES_H
| #include <sys/types.h>
| #endif
| 
| int
| main ()
| {
| if (sizeof ((uint64_t)))
| 	  return 0;
|   ;
|   return 0;
| }
configure:22733: result: yes
configure:22743: checking for uint32_t
configure:22779: gcc -c -g -O2 -Wall -fno-strict-aliasing  conftest.c >&5
configure:22786: $? = 0
configure:22821: gcc -c -g -O2 -Wall -fno-strict-aliasing  conftest.c >&5
conftest.c: In function 'main':
conftest.c:79: error: expected expression before ')' token
configure:22828: $? = 1
configure: failed program was:
| /* confdefs.h.  */
| #define PACKAGE_NAME ""
| #define PACKAGE_TARNAME ""
| #define PACKAGE_VERSION ""
| #define PACKAGE_STRING ""
| #define PACKAGE_BUGREPORT ""
| #define PACKAGE "libevent"
| #define VERSION "1.4.13-stable"
| #define STDC_HEADERS 1
| #define HAVE_SYS_TYPES_H 1
| #define HAVE_SYS_STAT_H 1
| #define HAVE_STDLIB_H 1
| #define HAVE_STRING_H 1
| #define HAVE_MEMORY_H 1
| #define HAVE_STRINGS_H 1
| #define HAVE_INTTYPES_H 1
| #define HAVE_STDINT_H 1
| #define HAVE_UNISTD_H 1
| #define HAVE_DLFCN_H 1
| #define HAVE_LIBRESOLV 1
| #define HAVE_LIBRT 1
| #define HAVE_LIBNSL 1
| #define STDC_HEADERS 1
| #define HAVE_FCNTL_H 1
| #define HAVE_STDARG_H 1
| #define HAVE_INTTYPES_H 1
| #define HAVE_STDINT_H 1
| #define HAVE_POLL_H 1
| #define HAVE_SIGNAL_H 1
| #define HAVE_UNISTD_H 1
| #define HAVE_SYS_EPOLL_H 1
| #define HAVE_SYS_TIME_H 1
| #define HAVE_SYS_QUEUE_H 1
| #define HAVE_SYS_PARAM_H 1
| #define HAVE_SYS_IOCTL_H 1
| #define HAVE_SYS_SELECT_H 1
| #define HAVE_SYS_SOCKET_H 1
| #define HAVE_TAILQFOREACH 1
| #define HAVE_TIMERADD 1
| #define HAVE_TIMERCMP 1
| #define HAVE_TIMERCLEAR 1
| #define HAVE_TIMERISSET 1
| #define TIME_WITH_SYS_TIME 1
| #define HAVE_GETTIMEOFDAY 1
| #define HAVE_VASPRINTF 1
| #define HAVE_FCNTL 1
| #define HAVE_CLOCK_GETTIME 1
| #define HAVE_STRTOK_R 1
| #define HAVE_STRSEP 1
| #define HAVE_GETADDRINFO 1
| #define HAVE_GETNAMEINFO 1
| #define HAVE_INET_NTOP 1
| #define HAVE_SIGNAL 1
| #define HAVE_SIGACTION 1
| #define HAVE_STRTOLL 1
| #define HAVE_GETEUID 1
| #define HAVE_GETEGID 1
| #define SIZEOF_LONG 8
| #define DNS_USE_CPU_CLOCK_FOR_ID 1
| #define HAVE_SETFD 1
| #define HAVE_SELECT 1
| #define HAVE_POLL 1
| #define HAVE_EPOLL_CTL 1
| #define HAVE_EPOLL 1
| #define HAVE_UINT64_T 1
| /* end confdefs.h.  */
| #ifdef HAVE_STDINT_H
| #include <stdint.h>
| #elif defined(HAVE_INTTYPES_H)
| #include <inttypes.h>
| #endif
| #ifdef HAVE_SYS_TYPES_H
| #include <sys/types.h>
| #endif
| 
| int
| main ()
| {
| if (sizeof ((uint32_t)))
| 	  return 0;
|   ;
|   return 0;
| }
configure:22851: result: yes
configure:22861: checking for uint16_t
configure:22897: gcc -c -g -O2 -Wall -fno-strict-aliasing  conftest.c >&5
configure:22904: $? = 0
configure:22939: gcc -c -g -O2 -Wall -fno-strict-aliasing  conftest.c >&5
conftest.c: In function 'main':
conftest.c:80: error: expected expression before ')' token
configure:22946: $? = 1
configure: failed program was:
| /* confdefs.h.  */
| #define PACKAGE_NAME ""
| #define PACKAGE_TARNAME ""
| #define PACKAGE_VERSION ""
| #define PACKAGE_STRING ""
| #define PACKAGE_BUGREPORT ""
| #define PACKAGE "libevent"
| #define VERSION "1.4.13-stable"
| #define STDC_HEADERS 1
| #define HAVE_SYS_TYPES_H 1
| #define HAVE_SYS_STAT_H 1
| #define HAVE_STDLIB_H 1
| #define HAVE_STRING_H 1
| #define HAVE_MEMORY_H 1
| #define HAVE_STRINGS_H 1
| #define HAVE_INTTYPES_H 1
| #define HAVE_STDINT_H 1
| #define HAVE_UNISTD_H 1
| #define HAVE_DLFCN_H 1
| #define HAVE_LIBRESOLV 1
| #define HAVE_LIBRT 1
| #define HAVE_LIBNSL 1
| #define STDC_HEADERS 1
| #define HAVE_FCNTL_H 1
| #define HAVE_STDARG_H 1
| #define HAVE_INTTYPES_H 1
| #define HAVE_STDINT_H 1
| #define HAVE_POLL_H 1
| #define HAVE_SIGNAL_H 1
| #define HAVE_UNISTD_H 1
| #define HAVE_SYS_EPOLL_H 1
| #define HAVE_SYS_TIME_H 1
| #define HAVE_SYS_QUEUE_H 1
| #define HAVE_SYS_PARAM_H 1
| #define HAVE_SYS_IOCTL_H 1
| #define HAVE_SYS_SELECT_H 1
| #define HAVE_SYS_SOCKET_H 1
| #define HAVE_TAILQFOREACH 1
| #define HAVE_TIMERADD 1
| #define HAVE_TIMERCMP 1
| #define HAVE_TIMERCLEAR 1
| #define HAVE_TIMERISSET 1
| #define TIME_WITH_SYS_TIME 1
| #define HAVE_GETTIMEOFDAY 1
| #define HAVE_VASPRINTF 1
| #define HAVE_FCNTL 1
| #define HAVE_CLOCK_GETTIME 1
| #define HAVE_STRTOK_R 1
| #define HAVE_STRSEP 1
| #define HAVE_GETADDRINFO 1
| #define HAVE_GETNAMEINFO 1
| #define HAVE_INET_NTOP 1
| #define HAVE_SIGNAL 1
| #define HAVE_SIGACTION 1
| #define HAVE_STRTOLL 1
| #define HAVE_GETEUID 1
| #define HAVE_GETEGID 1
| #define SIZEOF_LONG 8
| #define DNS_USE_CPU_CLOCK_FOR_ID 1
| #define HAVE_SETFD 1
| #define HAVE_SELECT 1
| #define HAVE_POLL 1
| #define HAVE_EPOLL_CTL 1
| #define HAVE_EPOLL 1
| #define HAVE_UINT64_T 1
| #define HAVE_UINT32_T 1
| /* end confdefs.h.  */
| #ifdef HAVE_STDINT_H
| #include <stdint.h>
| #elif defined(HAVE_INTTYPES_H)
| #include <inttypes.h>
| #endif
| #ifdef HAVE_SYS_TYPES_H
| #include <sys/types.h>
| #endif
| 
| int
| main ()
| {
| if (sizeof ((uint16_t)))
| 	  return 0;
|   ;
|   return 0;
| }
configure:22969: result: yes
configure:22979: checking for uint8_t
configure:23015: gcc -c -g -O2 -Wall -fno-strict-aliasing  conftest.c >&5
configure:23022: $? = 0
configure:23057: gcc -c -g -O2 -Wall -fno-strict-aliasing  conftest.c >&5
conftest.c: In function 'main':
conftest.c:81: error: expected expression before ')' token
configure:23064: $? = 1
configure: failed program was:
| /* confdefs.h.  */
| #define PACKAGE_NAME ""
| #define PACKAGE_TARNAME ""
| #define PACKAGE_VERSION ""
| #define PACKAGE_STRING ""
| #define PACKAGE_BUGREPORT ""
| #define PACKAGE "libevent"
| #define VERSION "1.4.13-stable"
| #define STDC_HEADERS 1
| #define HAVE_SYS_TYPES_H 1
| #define HAVE_SYS_STAT_H 1
| #define HAVE_STDLIB_H 1
| #define HAVE_STRING_H 1
| #define HAVE_MEMORY_H 1
| #define HAVE_STRINGS_H 1
| #define HAVE_INTTYPES_H 1
| #define HAVE_STDINT_H 1
| #define HAVE_UNISTD_H 1
| #define HAVE_DLFCN_H 1
| #define HAVE_LIBRESOLV 1
| #define HAVE_LIBRT 1
| #define HAVE_LIBNSL 1
| #define STDC_HEADERS 1
| #define HAVE_FCNTL_H 1
| #define HAVE_STDARG_H 1
| #define HAVE_INTTYPES_H 1
| #define HAVE_STDINT_H 1
| #define HAVE_POLL_H 1
| #define HAVE_SIGNAL_H 1
| #define HAVE_UNISTD_H 1
| #define HAVE_SYS_EPOLL_H 1
| #define HAVE_SYS_TIME_H 1
| #define HAVE_SYS_QUEUE_H 1
| #define HAVE_SYS_PARAM_H 1
| #define HAVE_SYS_IOCTL_H 1
| #define HAVE_SYS_SELECT_H 1
| #define HAVE_SYS_SOCKET_H 1
| #define HAVE_TAILQFOREACH 1
| #define HAVE_TIMERADD 1
| #define HAVE_TIMERCMP 1
| #define HAVE_TIMERCLEAR 1
| #define HAVE_TIMERISSET 1
| #define TIME_WITH_SYS_TIME 1
| #define HAVE_GETTIMEOFDAY 1
| #define HAVE_VASPRINTF 1
| #define HAVE_FCNTL 1
| #define HAVE_CLOCK_GETTIME 1
| #define HAVE_STRTOK_R 1
| #define HAVE_STRSEP 1
| #define HAVE_GETADDRINFO 1
| #define HAVE_GETNAMEINFO 1
| #define HAVE_INET_NTOP 1
| #define HAVE_SIGNAL 1
| #define HAVE_SIGACTION 1
| #define HAVE_STRTOLL 1
| #define HAVE_GETEUID 1
| #define HAVE_GETEGID 1
| #define SIZEOF_LONG 8
| #define DNS_USE_CPU_CLOCK_FOR_ID 1
| #define HAVE_SETFD 1
| #define HAVE_SELECT 1
| #define HAVE_POLL 1
| #define HAVE_EPOLL_CTL 1
| #define HAVE_EPOLL 1
| #define HAVE_UINT64_T 1
| #define HAVE_UINT32_T 1
| #define HAVE_UINT16_T 1
| /* end confdefs.h.  */
| #ifdef HAVE_STDINT_H
| #include <stdint.h>
| #elif defined(HAVE_INTTYPES_H)
| #include <inttypes.h>
| #endif
| #ifdef HAVE_SYS_TYPES_H
| #include <sys/types.h>
| #endif
| 
| int
| main ()
| {
| if (sizeof ((uint8_t)))
| 	  return 0;
|   ;
|   return 0;
| }
configure:23087: result: yes
configure:23098: checking for fd_mask
configure:23132: gcc -c -g -O2 -Wall -fno-strict-aliasing  conftest.c >&5
configure:23139: $? = 0
configure:23172: gcc -c -g -O2 -Wall -fno-strict-aliasing  conftest.c >&5
conftest.c: In function 'main':
conftest.c:80: error: expected expression before ')' token
configure:23179: $? = 1
configure: failed program was:
| /* confdefs.h.  */
| #define PACKAGE_NAME ""
| #define PACKAGE_TARNAME ""
| #define PACKAGE_VERSION ""
| #define PACKAGE_STRING ""
| #define PACKAGE_BUGREPORT ""
| #define PACKAGE "libevent"
| #define VERSION "1.4.13-stable"
| #define STDC_HEADERS 1
| #define HAVE_SYS_TYPES_H 1
| #define HAVE_SYS_STAT_H 1
| #define HAVE_STDLIB_H 1
| #define HAVE_STRING_H 1
| #define HAVE_MEMORY_H 1
| #define HAVE_STRINGS_H 1
| #define HAVE_INTTYPES_H 1
| #define HAVE_STDINT_H 1
| #define HAVE_UNISTD_H 1
| #define HAVE_DLFCN_H 1
| #define HAVE_LIBRESOLV 1
| #define HAVE_LIBRT 1
| #define HAVE_LIBNSL 1
| #define STDC_HEADERS 1
| #define HAVE_FCNTL_H 1
| #define HAVE_STDARG_H 1
| #define HAVE_INTTYPES_H 1
| #define HAVE_STDINT_H 1
| #define HAVE_POLL_H 1
| #define HAVE_SIGNAL_H 1
| #define HAVE_UNISTD_H 1
| #define HAVE_SYS_EPOLL_H 1
| #define HAVE_SYS_TIME_H 1
| #define HAVE_SYS_QUEUE_H 1
| #define HAVE_SYS_PARAM_H 1
| #define HAVE_SYS_IOCTL_H 1
| #define HAVE_SYS_SELECT_H 1
| #define HAVE_SYS_SOCKET_H 1
| #define HAVE_TAILQFOREACH 1
| #define HAVE_TIMERADD 1
| #define HAVE_TIMERCMP 1
| #define HAVE_TIMERCLEAR 1
| #define HAVE_TIMERISSET 1
| #define TIME_WITH_SYS_TIME 1
| #define HAVE_GETTIMEOFDAY 1
| #define HAVE_VASPRINTF 1
| #define HAVE_FCNTL 1
| #define HAVE_CLOCK_GETTIME 1
| #define HAVE_STRTOK_R 1
| #define HAVE_STRSEP 1
| #define HAVE_GETADDRINFO 1
| #define HAVE_GETNAMEINFO 1
| #define HAVE_INET_NTOP 1
| #define HAVE_SIGNAL 1
| #define HAVE_SIGACTION 1
| #define HAVE_STRTOLL 1
| #define HAVE_GETEUID 1
| #define HAVE_GETEGID 1
| #define SIZEOF_LONG 8
| #define DNS_USE_CPU_CLOCK_FOR_ID 1
| #define HAVE_SETFD 1
| #define HAVE_SELECT 1
| #define HAVE_POLL 1
| #define HAVE_EPOLL_CTL 1
| #define HAVE_EPOLL 1
| #define HAVE_UINT64_T 1
| #define HAVE_UINT32_T 1
| #define HAVE_UINT16_T 1
| #define HAVE_UINT8_T 1
| /* end confdefs.h.  */
| #ifdef HAVE_SYS_TYPES_H
| #include <sys/types.h>
| #endif
| #ifdef HAVE_SELECT_H
| #include <select.h>
| #endif
| 
| int
| main ()
| {
| if (sizeof ((fd_mask)))
| 	  return 0;
|   ;
|   return 0;
| }
configure:23202: result: yes
configure:23218: checking size of long long
configure:23523: gcc -o conftest -g -O2 -Wall -fno-strict-aliasing   conftest.c -lnsl -lrt -lresolv  >&5
configure:23527: $? = 0
configure:23533: ./conftest
configure:23537: $? = 0
configure:23563: result: 8
configure:23577: checking size of int
configure:23882: gcc -o conftest -g -O2 -Wall -fno-strict-aliasing   conftest.c -lnsl -lrt -lresolv  >&5
configure:23886: $? = 0
configure:23892: ./conftest
configure:23896: $? = 0
configure:23922: result: 4
configure:23936: checking size of short
configure:24241: gcc -o conftest -g -O2 -Wall -fno-strict-aliasing   conftest.c -lnsl -lrt -lresolv  >&5
configure:24245: $? = 0
configure:24251: ./conftest
configure:24255: $? = 0
configure:24281: result: 2
configure:24291: checking for struct in6_addr
configure:24329: gcc -c -g -O2 -Wall -fno-strict-aliasing  conftest.c >&5
configure:24336: $? = 0
configure:24373: gcc -c -g -O2 -Wall -fno-strict-aliasing  conftest.c >&5
conftest.c: In function 'main':
conftest.c:88: error: expected expression before ')' token
configure:24380: $? = 1
configure: failed program was:
| /* confdefs.h.  */
| #define PACKAGE_NAME ""
| #define PACKAGE_TARNAME ""
| #define PACKAGE_VERSION ""
| #define PACKAGE_STRING ""
| #define PACKAGE_BUGREPORT ""
| #define PACKAGE "libevent"
| #define VERSION "1.4.13-stable"
| #define STDC_HEADERS 1
| #define HAVE_SYS_TYPES_H 1
| #define HAVE_SYS_STAT_H 1
| #define HAVE_STDLIB_H 1
| #define HAVE_STRING_H 1
| #define HAVE_MEMORY_H 1
| #define HAVE_STRINGS_H 1
| #define HAVE_INTTYPES_H 1
| #define HAVE_STDINT_H 1
| #define HAVE_UNISTD_H 1
| #define HAVE_DLFCN_H 1
| #define HAVE_LIBRESOLV 1
| #define HAVE_LIBRT 1
| #define HAVE_LIBNSL 1
| #define STDC_HEADERS 1
| #define HAVE_FCNTL_H 1
| #define HAVE_STDARG_H 1
| #define HAVE_INTTYPES_H 1
| #define HAVE_STDINT_H 1
| #define HAVE_POLL_H 1
| #define HAVE_SIGNAL_H 1
| #define HAVE_UNISTD_H 1
| #define HAVE_SYS_EPOLL_H 1
| #define HAVE_SYS_TIME_H 1
| #define HAVE_SYS_QUEUE_H 1
| #define HAVE_SYS_PARAM_H 1
| #define HAVE_SYS_IOCTL_H 1
| #define HAVE_SYS_SELECT_H 1
| #define HAVE_SYS_SOCKET_H 1
| #define HAVE_TAILQFOREACH 1
| #define HAVE_TIMERADD 1
| #define HAVE_TIMERCMP 1
| #define HAVE_TIMERCLEAR 1
| #define HAVE_TIMERISSET 1
| #define TIME_WITH_SYS_TIME 1
| #define HAVE_GETTIMEOFDAY 1
| #define HAVE_VASPRINTF 1
| #define HAVE_FCNTL 1
| #define HAVE_CLOCK_GETTIME 1
| #define HAVE_STRTOK_R 1
| #define HAVE_STRSEP 1
| #define HAVE_GETADDRINFO 1
| #define HAVE_GETNAMEINFO 1
| #define HAVE_INET_NTOP 1
| #define HAVE_SIGNAL 1
| #define HAVE_SIGACTION 1
| #define HAVE_STRTOLL 1
| #define HAVE_GETEUID 1
| #define HAVE_GETEGID 1
| #define SIZEOF_LONG 8
| #define DNS_USE_CPU_CLOCK_FOR_ID 1
| #define HAVE_SETFD 1
| #define HAVE_SELECT 1
| #define HAVE_POLL 1
| #define HAVE_EPOLL_CTL 1
| #define HAVE_EPOLL 1
| #define HAVE_UINT64_T 1
| #define HAVE_UINT32_T 1
| #define HAVE_UINT16_T 1
| #define HAVE_UINT8_T 1
| #define HAVE_FD_MASK 1
| #define SIZEOF_LONG_LONG 8
| #define SIZEOF_INT 4
| #define SIZEOF_SHORT 2
| /* end confdefs.h.  */
| #ifdef WIN32
| #include <winsock2.h>
| #else
| #include <sys/types.h>
| #include <netinet/in.h>
| #include <sys/socket.h>
| #endif
| #ifdef HAVE_NETINET_IN6_H
| #include <netinet/in6.h>
| #endif
| 
| int
| main ()
| {
| if (sizeof ((struct in6_addr)))
| 	  return 0;
|   ;
|   return 0;
| }
configure:24403: result: yes
configure:24415: checking for socklen_t
configure:24440: gcc -c -g -O2 -Wall -fno-strict-aliasing  conftest.c >&5
conftest.c: In function 'main':
conftest.c:81: warning: unused variable 'x'
configure:24447: $? = 0
configure:24452: result: yes
configure:24470: checking whether our compiler supports __func__
configure:24493: gcc -c -g -O2 -Wall -fno-strict-aliasing  conftest.c >&5
conftest.c: In function 'main':
conftest.c:79: warning: unused variable 'cp'
configure:24500: $? = 0
configure:24505: result: yes
configure:24821: creating ./config.status

## ---------------------- ##
## Running config.status. ##
## ---------------------- ##

This file was extended by config.status, which was
generated by GNU Autoconf 2.63.  Invocation command line was

  CONFIG_FILES    = 
  CONFIG_HEADERS  = 
  CONFIG_LINKS    = 
  CONFIG_COMMANDS = 
  $ ./config.status 

on www.zl

config.status:855: creating Makefile
config.status:855: creating test/Makefile
config.status:855: creating sample/Makefile
config.status:855: creating config.h
config.status:1129: executing depfiles commands

## ---------------- ##
## Cache variables. ##
## ---------------- ##

ac_cv_build=x86_64-unknown-linux-gnu
ac_cv_c_compiler_gnu=yes
ac_cv_c_const=yes
ac_cv_c_inline=inline
ac_cv_cxx_compiler_gnu=yes
ac_cv_env_CCC_set=
ac_cv_env_CCC_value=
ac_cv_env_CC_set=
ac_cv_env_CC_value=
ac_cv_env_CFLAGS_set=
ac_cv_env_CFLAGS_value=
ac_cv_env_CPPFLAGS_set=
ac_cv_env_CPPFLAGS_value=
ac_cv_env_CPP_set=
ac_cv_env_CPP_value=
ac_cv_env_CXXCPP_set=
ac_cv_env_CXXCPP_value=
ac_cv_env_CXXFLAGS_set=
ac_cv_env_CXXFLAGS_value=
ac_cv_env_CXX_set=
ac_cv_env_CXX_value=
ac_cv_env_F77_set=
ac_cv_env_F77_value=
ac_cv_env_FFLAGS_set=
ac_cv_env_FFLAGS_value=
ac_cv_env_LDFLAGS_set=
ac_cv_env_LDFLAGS_value=
ac_cv_env_LIBS_set=
ac_cv_env_LIBS_value=
ac_cv_env_build_alias_set=
ac_cv_env_build_alias_value=
ac_cv_env_host_alias_set=
ac_cv_env_host_alias_value=
ac_cv_env_target_alias_set=
ac_cv_env_target_alias_value=
ac_cv_f77_compiler_gnu=yes
ac_cv_func_clock_gettime=yes
ac_cv_func_epoll_ctl=yes
ac_cv_func_fcntl=yes
ac_cv_func_getaddrinfo=yes
ac_cv_func_getegid=yes
ac_cv_func_geteuid=yes
ac_cv_func_getnameinfo=yes
ac_cv_func_gettimeofday=yes
ac_cv_func_inet_ntop=yes
ac_cv_func_issetugid=no
ac_cv_func_poll=yes
ac_cv_func_port_create=no
ac_cv_func_select=yes
ac_cv_func_sigaction=yes
ac_cv_func_signal=yes
ac_cv_func_strlcpy=no
ac_cv_func_strsep=yes
ac_cv_func_strtok_r=yes
ac_cv_func_strtoll=yes
ac_cv_func_vasprintf=yes
ac_cv_header_dlfcn_h=yes
ac_cv_header_fcntl_h=yes
ac_cv_header_inttypes_h=yes
ac_cv_header_memory_h=yes
ac_cv_header_netinet_in6_h=no
ac_cv_header_poll_h=yes
ac_cv_header_port_h=no
ac_cv_header_signal_h=yes
ac_cv_header_stdarg_h=yes
ac_cv_header_stdc=yes
ac_cv_header_stdint_h=yes
ac_cv_header_stdlib_h=yes
ac_cv_header_string_h=yes
ac_cv_header_strings_h=yes
ac_cv_header_sys_devpoll_h=no
ac_cv_header_sys_epoll_h=yes
ac_cv_header_sys_event_h=no
ac_cv_header_sys_ioctl_h=yes
ac_cv_header_sys_param_h=yes
ac_cv_header_sys_queue_h=yes
ac_cv_header_sys_select_h=yes
ac_cv_header_sys_socket_h=yes
ac_cv_header_sys_stat_h=yes
ac_cv_header_sys_time_h=yes
ac_cv_header_sys_types_h=yes
ac_cv_header_time=yes
ac_cv_header_unistd_h=yes
ac_cv_host=x86_64-unknown-linux-gnu
ac_cv_lib_nsl_inet_ntoa=yes
ac_cv_lib_resolv_inet_aton=yes
ac_cv_lib_rt_clock_gettime=yes
ac_cv_lib_socket_socket=no
ac_cv_objext=o
ac_cv_path_EGREP='/bin/grep -E'
ac_cv_path_GREP=/bin/grep
ac_cv_path_install='/usr/bin/install -c'
ac_cv_path_mkdir=/bin/mkdir
ac_cv_prog_AWK=gawk
ac_cv_prog_CPP='gcc -E'
ac_cv_prog_CXXCPP='g++ -E'
ac_cv_prog_ac_ct_AR=ar
ac_cv_prog_ac_ct_CC=gcc
ac_cv_prog_ac_ct_CXX=g++
ac_cv_prog_ac_ct_F77=gfortran
ac_cv_prog_ac_ct_RANLIB=ranlib
ac_cv_prog_ac_ct_STRIP=strip
ac_cv_prog_cc_c89=
ac_cv_prog_cc_g=yes
ac_cv_prog_cxx_g=yes
ac_cv_prog_f77_g=yes
ac_cv_prog_gcc_traditional=no
ac_cv_prog_make_make_set=yes
ac_cv_sizeof_int=4
ac_cv_sizeof_long=8
ac_cv_sizeof_long_long=8
ac_cv_sizeof_short=2
ac_cv_type_fd_mask=yes
ac_cv_type_pid_t=yes
ac_cv_type_size_t=yes
ac_cv_type_struct_in6_addr=yes
ac_cv_type_uint16_t=yes
ac_cv_type_uint32_t=yes
ac_cv_type_uint64_t=yes
ac_cv_type_uint8_t=yes
am_cv_CC_dependencies_compiler_type=none
am_cv_CXX_dependencies_compiler_type=none
lt_cv_deplibs_check_method=pass_all
lt_cv_file_magic_cmd='$MAGIC_CMD'
lt_cv_file_magic_test_file=
lt_cv_ld_reload_flag=-r
lt_cv_objdir=.libs
lt_cv_path_LD=/usr/bin/ld
lt_cv_path_LDCXX='/usr/bin/ld -m elf_x86_64'
lt_cv_path_NM='/usr/bin/nm -B'
lt_cv_path_SED=/bin/sed
lt_cv_prog_compiler_c_o=yes
lt_cv_prog_compiler_c_o_CXX=yes
lt_cv_prog_compiler_c_o_F77=yes
lt_cv_prog_compiler_pic_works=yes
lt_cv_prog_compiler_pic_works_CXX=yes
lt_cv_prog_compiler_pic_works_F77=yes
lt_cv_prog_compiler_rtti_exceptions=no
lt_cv_prog_compiler_static_works=no
lt_cv_prog_compiler_static_works_CXX=no
lt_cv_prog_compiler_static_works_F77=no
lt_cv_prog_gnu_ld=yes
lt_cv_prog_gnu_ldcxx=yes
lt_cv_sys_global_symbol_pipe='sed -n -e '\''s/^.*[ 	]\([ABCDGIRSTW][ABCDGIRSTW]*\)[ 	][ 	]*\([_A-Za-z][_A-Za-z0-9]*\)$/\1 \2 \2/p'\'''
lt_cv_sys_global_symbol_to_c_name_address='sed -n -e '\''s/^: \([^ ]*\) $/  {\"\1\", (lt_ptr) 0},/p'\'' -e '\''s/^[BCDEGRST] \([^ ]*\) \([^ ]*\)$/  {"\2", (lt_ptr) \&\2},/p'\'''
lt_cv_sys_global_symbol_to_cdecl='sed -n -e '\''s/^. .* \(.*\)$/extern int \1;/p'\'''
lt_cv_sys_lib_dlsearch_path_spec='/lib /usr/lib /usr/lib64/atlas /usr/lib64/mysql /usr/lib64/qt-3.3/lib /usr/lib/vmware-tools/lib32/libvmGuestLib.so /usr/lib/vmware-tools/lib64/libvmGuestLib.so /usr/lib/vmware-tools/lib32/libvmGuestLibJava.so /usr/lib/vmware-tools/lib64/libvmGuestLibJava.so /usr/lib/vmware-tools/lib32/libDeployPkg.so /usr/lib/vmware-tools/lib64/libDeployPkg.so /usr/lib64/xulrunner /home/zl/Work/SSH/ssh_proxy/libssh2-1.4.2/src/.libs '
lt_cv_sys_lib_search_path_spec='/usr/lib/gcc/x86_64-redhat-linux/4.4.7 /usr/lib64 /lib64'
lt_cv_sys_max_cmd_len=1966080
lt_lt_cv_prog_compiler_c_o='"yes"'
lt_lt_cv_prog_compiler_c_o_CXX='"yes"'
lt_lt_cv_prog_compiler_c_o_F77='"yes"'
lt_lt_cv_sys_global_symbol_pipe='"sed -n -e '\''s/^.*[ 	]\\([ABCDGIRSTW][ABCDGIRSTW]*\\)[ 	][ 	]*\\([_A-Za-z][_A-Za-z0-9]*\\)\$/\\1 \\2 \\2/p'\''"'
lt_lt_cv_sys_global_symbol_to_c_name_address='"sed -n -e '\''s/^: \\([^ ]*\\) \$/  {\\\"\\1\\\", (lt_ptr) 0},/p'\'' -e '\''s/^[BCDEGRST] \\([^ ]*\\) \\([^ ]*\\)\$/  {\"\\2\", (lt_ptr) \\&\\2},/p'\''"'
lt_lt_cv_sys_global_symbol_to_cdecl='"sed -n -e '\''s/^. .* \\(.*\\)\$/extern int \\1;/p'\''"'

## ----------------- ##
## Output variables. ##
## ----------------- ##

ACLOCAL='${SHELL} /home/git/libevent-1.4.13-stable/missing --run aclocal-1.10'
AMDEPBACKSLASH='\'
AMDEP_FALSE='#'
AMDEP_TRUE=''
AMTAR='${SHELL} /home/git/libevent-1.4.13-stable/missing --run tar'
AR='ar'
AUTOCONF='${SHELL} /home/git/libevent-1.4.13-stable/missing --run autoconf'
AUTOHEADER='${SHELL} /home/git/libevent-1.4.13-stable/missing --run autoheader'
AUTOMAKE='${SHELL} /home/git/libevent-1.4.13-stable/missing --run automake-1.10'
AWK='gawk'
BUILD_WIN32_FALSE=''
BUILD_WIN32_TRUE='#'
CC='gcc'
CCDEPMODE='depmode=none'
CFLAGS='-g -O2 -Wall -fno-strict-aliasing'
CPP='gcc -E'
CPPFLAGS=''
CXX='g++'
CXXCPP='g++ -E'
CXXDEPMODE='depmode=none'
CXXFLAGS='-g -O2'
CYGPATH_W='echo'
DEFS='-DHAVE_CONFIG_H'
DEPDIR='.deps'
DSYMUTIL=''
ECHO='echo'
ECHO_C=''
ECHO_N='-n'
ECHO_T=''
EGREP='/bin/grep -E'
EXEEXT=''
F77='gfortran'
FFLAGS='-g -O2'
GREP='/bin/grep'
INSTALL_DATA='${INSTALL} -m 644'
INSTALL_PROGRAM='${INSTALL}'
INSTALL_SCRIPT='${INSTALL}'
INSTALL_STRIP_PROGRAM='$(install_sh) -c -s'
LDFLAGS=''
LIBOBJS=' ${LIBOBJDIR}select$U.o ${LIBOBJDIR}poll$U.o ${LIBOBJDIR}epoll$U.o ${LIBOBJDIR}signal$U.o'
LIBS='-lnsl -lrt -lresolv '
LIBTOOL='$(SHELL) $(top_builddir)/libtool'
LIBTOOL_DEPS='./ltmain.sh'
LN_S='ln -s'
LTLIBOBJS=' ${LIBOBJDIR}select$U.lo ${LIBOBJDIR}poll$U.lo ${LIBOBJDIR}epoll$U.lo ${LIBOBJDIR}signal$U.lo'
MAKEINFO='${SHELL} /home/git/libevent-1.4.13-stable/missing --run makeinfo'
MKDIR_P='/bin/mkdir -p'
NMEDIT=''
OBJEXT='o'
PACKAGE='libevent'
PACKAGE_BUGREPORT=''
PACKAGE_NAME=''
PACKAGE_STRING=''
PACKAGE_TARNAME=''
PACKAGE_VERSION=''
PATH_SEPARATOR=':'
RANLIB='ranlib'
SED='/bin/sed'
SET_MAKE=''
SHELL='/bin/sh'
STRIP='strip'
VERSION='1.4.13-stable'
ac_ct_CC='gcc'
ac_ct_CXX='g++'
ac_ct_F77='gfortran'
am__fastdepCC_FALSE=''
am__fastdepCC_TRUE='#'
am__fastdepCXX_FALSE=''
am__fastdepCXX_TRUE='#'
am__include='include'
am__isrc=''
am__leading_dot='.'
am__quote=''
am__tar='${AMTAR} chof - "$$tardir"'
am__untar='${AMTAR} xf -'
bindir='${exec_prefix}/bin'
build='x86_64-unknown-linux-gnu'
build_alias=''
build_cpu='x86_64'
build_os='linux-gnu'
build_vendor='unknown'
datadir='${datarootdir}'
datarootdir='${prefix}/share'
docdir='${datarootdir}/doc/${PACKAGE}'
dvidir='${docdir}'
exec_prefix='${prefix}'
host='x86_64-unknown-linux-gnu'
host_alias=''
host_cpu='x86_64'
host_os='linux-gnu'
host_vendor='unknown'
htmldir='${docdir}'
includedir='${prefix}/include'
infodir='${datarootdir}/info'
install_sh='$(SHELL) /home/git/libevent-1.4.13-stable/install-sh'
libdir='${exec_prefix}/lib'
libexecdir='${exec_prefix}/libexec'
localedir='${datarootdir}/locale'
localstatedir='${prefix}/var'
mandir='${datarootdir}/man'
mkdir_p='/bin/mkdir -p'
oldincludedir='/usr/include'
pdfdir='${docdir}'
prefix='/usr/local'
program_transform_name='s,x,x,'
psdir='${docdir}'
sbindir='${exec_prefix}/sbin'
sharedstatedir='${prefix}/com'
sysconfdir='${prefix}/etc'
target_alias=''

## ----------- ##
## confdefs.h. ##
## ----------- ##

#define PACKAGE_NAME ""
#define PACKAGE_TARNAME ""
#define PACKAGE_VERSION ""
#define PACKAGE_STRING ""
#define PACKAGE_BUGREPORT ""
#define PACKAGE "libevent"
#define VERSION "1.4.13-stable"
#define STDC_HEADERS 1
#define HAVE_SYS_TYPES_H 1
#define HAVE_SYS_STAT_H 1
#define HAVE_STDLIB_H 1
#define HAVE_STRING_H 1
#define HAVE_MEMORY_H 1
#define HAVE_STRINGS_H 1
#define HAVE_INTTYPES_H 1
#define HAVE_STDINT_H 1
#define HAVE_UNISTD_H 1
#define HAVE_DLFCN_H 1
#define HAVE_LIBRESOLV 1
#define HAVE_LIBRT 1
#define HAVE_LIBNSL 1
#define STDC_HEADERS 1
#define HAVE_FCNTL_H 1
#define HAVE_STDARG_H 1
#define HAVE_INTTYPES_H 1
#define HAVE_STDINT_H 1
#define HAVE_POLL_H 1
#define HAVE_SIGNAL_H 1
#define HAVE_UNISTD_H 1
#define HAVE_SYS_EPOLL_H 1
#define HAVE_SYS_TIME_H 1
#define HAVE_SYS_QUEUE_H 1
#define HAVE_SYS_PARAM_H 1
#define HAVE_SYS_IOCTL_H 1
#define HAVE_SYS_SELECT_H 1
#define HAVE_SYS_SOCKET_H 1
#define HAVE_TAILQFOREACH 1
#define HAVE_TIMERADD 1
#define HAVE_TIMERCMP 1
#define HAVE_TIMERCLEAR 1
#define HAVE_TIMERISSET 1
#define TIME_WITH_SYS_TIME 1
#define HAVE_GETTIMEOFDAY 1
#define HAVE_VASPRINTF 1
#define HAVE_FCNTL 1
#define HAVE_CLOCK_GETTIME 1
#define HAVE_STRTOK_R 1
#define HAVE_STRSEP 1
#define HAVE_GETADDRINFO 1
#define HAVE_GETNAMEINFO 1
#define HAVE_INET_NTOP 1
#define HAVE_SIGNAL 1
#define HAVE_SIGACTION 1
#define HAVE_STRTOLL 1
#define HAVE_GETEUID 1
#define HAVE_GETEGID 1
#define SIZEOF_LONG 8
#define DNS_USE_CPU_CLOCK_FOR_ID 1
#define HAVE_SETFD 1
#define HAVE_SELECT 1
#define HAVE_POLL 1
#define HAVE_EPOLL_CTL 1
#define HAVE_EPOLL 1
#define HAVE_UINT64_T 1
#define HAVE_UINT32_T 1
#define HAVE_UINT16_T 1
#define HAVE_UINT8_T 1
#define HAVE_FD_MASK 1
#define SIZEOF_LONG_LONG 8
#define SIZEOF_INT 4
#define SIZEOF_SHORT 2
#define HAVE_STRUCT_IN6_ADDR 1

configure: exit 0
